 -1.562377 53.807816
 -1.562578 53.807865
 -1.554711 53.807613
 -1.554926 53.807632
 -1.554915 53.807659
 -1.555058 53.804073
 -1.554946 53.804073
 -1.554947 53.804646
 -1.554973 53.804638
 -1.555344 53.804848
 -1.555335 53.804749
 -1.555337 53.804634
 -1.555334 53.804070
 -1.555181 53.804070
 -1.556291 53.805408
 -1.556289 53.805401
 -1.556054 53.805111
 -1.556098 53.805115
 -1.556098 53.805233
 -1.554422 53.804661
 -1.554422 53.804779
 -1.554401 53.804779
 -1.554400 53.804787
 -1.556024 53.805706
 -1.556026 53.805809
 -1.556134 53.805908
 -1.553554 53.805050
 -1.553555 53.805084
 -1.556450 53.806221
 -1.556398 53.806541
 -1.553925 53.805008
 -1.554359 53.805008
 -1.554359 53.804970
 -1.554387 53.804970
 -1.558447 53.807976
 -1.558503 53.807850
 -1.554985 53.806870
 -1.554985 53.806965
 -1.556667 53.807682
 -1.556762 53.807583
 -1.555314 53.806755
 -1.555212 53.806755
 -1.553092 53.806641
 -1.552901 53.806641
 -1.553971 53.806770
 -1.554067 53.806812
 -1.557267 53.810101
 -1.557486 53.810234
 -1.557558 53.809761
 -1.557703 53.809635
 -1.557559 53.807785
 -1.557605 53.807713
 -1.554640 53.809669
 -1.554546 53.809734
 -1.553391 53.807129
 -1.553391 53.807236
 -1.552699 53.807510
 -1.552692 53.807247
 -1.553391 53.806877
 -1.553372 53.806789
 -1.552282 53.804569
 -1.552334 53.804409
 -1.552950 53.804592
 -1.552999 53.804489
 -1.552821 53.804382
 -1.552673 53.804382
 -1.552631 53.804440
 -1.551629 53.805531
 -1.551629 53.805542
 -1.554584 53.805080
 -1.554585 53.805092
 -1.558053 53.806328
 -1.558232 53.806370
 -1.558205 53.806408
 -1.558078 53.806293
 -1.557770 53.806259
 -1.557472 53.807388
 -1.557546 53.807266
 -1.554587 53.806370
 -1.554493 53.806511
 -1.554469 53.805931
 -1.554397 53.805927
 -1.554456 53.806637
 -1.554526 53.806637
 -1.554574 53.807426
 -1.554604 53.807331
 -1.556347 53.807182
 -1.556363 53.807156
 -1.551925 53.805359
 -1.551925 53.805336
 -1.552476 53.805359
 -1.552476 53.805336
 -1.552468 53.805531
 -1.552468 53.805557
 -1.553038 53.805359
 -1.553038 53.805332
 -1.553034 53.805531
 -1.553034 53.805561
 -1.553572 53.805359
 -1.553572 53.805332
 -1.553569 53.805527
 -1.553569 53.805569
 -1.554313 53.805710
 -1.554400 53.805710
 -1.556367 53.806938
 -1.556318 53.807034
 -1.556815 53.807034
 -1.556768 53.807102
 -1.555776 53.806835
 -1.555717 53.806938
 -1.554188 53.805656
 -1.554314 53.805656
 -1.554456 53.806602
 -1.554517 53.806599
 -1.558721 53.803085
 -1.558629 53.803238
 -1.558560 53.803379
 -1.558404 53.803684
 -1.556371 53.810711
 -1.556650 53.810860
 -1.556839 53.811001
 -1.548899 53.806992
 -1.548861 53.806969
 -1.548736 53.806896
 -1.560578 53.810650
 -1.560712 53.810539
 -1.560972 53.810478
 -1.561139 53.810490
 -1.561235 53.810524
 -1.561324 53.810555
 -1.561455 53.810688
 -1.561455 53.810818
 -1.561337 53.810944
 -1.561195 53.811001
 -1.561195 53.811001
 -1.560730 53.810993
 -1.560664 53.810936
 -1.560558 53.810818
 -1.560940 53.810352
 -1.560672 53.809620
 -1.560271 53.808769
 -1.560255 53.808743
 -1.560197 53.808632
 -1.560139 53.808495
 -1.560053 53.808453
 -1.559892 53.808258
 -1.561195 53.811001
 -1.561010 53.810745
 -1.559842 53.808117
 -1.559919 53.808144
 -1.559948 53.808186
 -1.560722 53.811001
 -1.559926 53.809086
 -1.559797 53.809124
 -1.559286 53.809521
 -1.558913 53.809971
 -1.558698 53.810265
 -1.558516 53.810371
 -1.558460 53.810513
 -1.558347 53.810635
 -1.557881 53.811001
 -1.548927 53.802830
 -1.549051 53.802723
 -1.549154 53.802635
 -1.549262 53.802570
 -1.564000 53.809387
 -1.563773 53.809319
 -1.563584 53.809250
 -1.563416 53.809170
 -1.563089 53.809010
 -1.562402 53.808746
 -1.561803 53.808548
 -1.561526 53.808460
 -1.561051 53.808331
 -1.556796 53.803528
 -1.556635 53.803585
 -1.556471 53.803600
 -1.555910 53.803577
 -1.554796 53.803574
 -1.553353 53.803589
 -1.552762 53.803589
 -1.552217 53.803604
 -1.551846 53.803604
 -1.551192 53.803604
 -1.550845 53.803562
 -1.559367 53.803188
 -1.559198 53.803467
 -1.559294 53.803551
 -1.560470 53.804012
 -1.560506 53.804100
 -1.560499 53.804222
 -1.560299 53.804401
 -1.562136 53.803341
 -1.561819 53.803165
 -1.561540 53.803078
 -1.560796 53.802925
 -1.560578 53.802868
 -1.560114 53.802776
 -1.559374 53.802658
 -1.559095 53.802624
 -1.558777 53.802597
 -1.558414 53.802555
 -1.558029 53.802532
 -1.557630 53.802532
 -1.557410 53.802559
 -1.560893 53.803761
 -1.562561 53.802891
 -1.563312 53.802147
 -1.563154 53.807774
 -1.563610 53.807186
 -1.564000 53.806690
 -1.564000 53.802914
 -1.563795 53.802734
 -1.563629 53.802559
 -1.563537 53.802441
 -1.563395 53.802265
 -1.563063 53.801811
 -1.562920 53.801640
 -1.562878 53.801601
 -1.557170 53.802368
 -1.556828 53.802525
 -1.556694 53.802578
 -1.556570 53.802620
 -1.556290 53.802727
 -1.555850 53.802879
 -1.555364 53.802933
 -1.554324 53.802952
 -1.553190 53.802967
 -1.552733 53.802975
 -1.550433 53.811001
 -1.550496 53.810272
 -1.550506 53.810158
 -1.550618 53.809921
 -1.550658 53.809837
 -1.550906 53.809566
 -1.550999 53.809475
 -1.551174 53.809353
 -1.551263 53.809296
 -1.551512 53.809143
 -1.552086 53.808796
 -1.552235 53.808720
 -1.559823 53.805347
 -1.558501 53.804848
 -1.558500 53.804844
 -1.557629 53.804546
 -1.557480 53.804531
 -1.557327 53.804543
 -1.556837 53.804729
 -1.556660 53.804775
 -1.557903 53.804008
 -1.558245 53.803635
 -1.556858 53.804588
 -1.556948 53.804428
 -1.557403 53.803947
 -1.557825 53.804054
 -1.558077 53.802959
 -1.557778 53.803516
 -1.557565 53.801830
 -1.557632 53.801888
 -1.557792 53.802032
 -1.558026 53.802204
 -1.555703 53.801601
 -1.555704 53.801601
 -1.551369 53.804230
 -1.552153 53.803886
 -1.552823 53.803455
 -1.553408 53.802895
 -1.553941 53.802326
 -1.554137 53.802090
 -1.554394 53.801727
 -1.554458 53.801601
 -1.546452 53.803200
 -1.546381 53.803242
 -1.545850 53.803570
 -1.545262 53.803169
 -1.545355 53.803875
 -1.544647 53.803493
 -1.544437 53.803394
 -1.546360 53.803131
 -1.546071 53.803127
 -1.545502 53.802959
 -1.546742 53.803463
 -1.546642 53.803524
 -1.545413 53.804249
 -1.544051 53.803596
 -1.545306 53.804180
 -1.552587 53.807117
 -1.552510 53.807255
 -1.552419 53.807400
 -1.552335 53.807541
 -1.552200 53.807762
 -1.552115 53.807903
 -1.552272 53.807888
 -1.552436 53.807880
 -1.551629 53.807213
 -1.551929 53.807274
 -1.552007 53.807274
 -1.552181 53.807278
 -1.552281 53.807259
 -1.552397 53.807198
 -1.547778 53.802261
 -1.547896 53.802155
 -1.548242 53.801804
 -1.547554 53.802464
 -1.547160 53.802818
 -1.546991 53.802940
 -1.546793 53.803059
 -1.546749 53.803097
 -1.546518 53.803257
 -1.547172 53.801968
 -1.547623 53.802139
 -1.547760 53.802185
 -1.547377 53.801601
 -1.547376 53.801697
 -1.547365 53.801773
 -1.547285 53.801865
 -1.546459 53.802586
 -1.549079 53.805527
 -1.549368 53.805252
 -1.549393 53.805241
 -1.549420 53.805233
 -1.552756 53.808914
 -1.552476 53.808804
 -1.561061 53.804707
 -1.560184 53.804352
 -1.559920 53.804249
 -1.559584 53.804100
 -1.559297 53.803986
 -1.559111 53.803913
 -1.558879 53.803837
 -1.558622 53.803753
 -1.558002 53.803562
 -1.564000 53.804512
 -1.563759 53.804298
 -1.563528 53.804131
 -1.563075 53.803860
 -1.562618 53.803604
 -1.564000 53.802914
 -1.560714 53.805576
 -1.561481 53.805779
 -1.563303 53.806267
 -1.563695 53.806377
 -1.564000 53.806690
 -1.554369 53.809074
 -1.554500 53.808987
 -1.554576 53.808842
 -1.554698 53.808640
 -1.555314 53.808697
 -1.557451 53.809605
 -1.557476 53.809547
 -1.557543 53.809410
 -1.557597 53.809265
 -1.557637 53.809151
 -1.557655 53.809067
 -1.557649 53.808971
 -1.557602 53.808899
 -1.557558 53.808823
 -1.557507 53.808735
 -1.557429 53.808483
 -1.557393 53.808365
 -1.557345 53.808289
 -1.557287 53.808201
 -1.557216 53.808113
 -1.557145 53.808075
 -1.557143 53.808033
 -1.556460 53.809441
 -1.556488 53.809395
 -1.556538 53.809280
 -1.556542 53.809227
 -1.556518 53.809177
 -1.556503 53.809093
 -1.556503 53.809002
 -1.556527 53.808907
 -1.556564 53.808846
 -1.556614 53.808807
 -1.556673 53.808773
 -1.556752 53.808750
 -1.556836 53.808704
 -1.556915 53.808601
 -1.556955 53.808514
 -1.557039 53.808426
 -1.557085 53.808365
 -1.557111 53.808338
 -1.557107 53.808289
 -1.557093 53.808231
 -1.557107 53.808163
 -1.558149 53.809704
 -1.557995 53.809677
 -1.556614 53.809464
 -1.555582 53.809296
 -1.554974 53.809204
 -1.554663 53.809151
 -1.554501 53.809109
 -1.554290 53.809044
 -1.554091 53.808895
 -1.553937 53.808758
 -1.553665 53.808887
 -1.553684 53.808941
 -1.553676 53.809216
 -1.554550 53.809601
 -1.554399 53.809494
 -1.553964 53.809353
 -1.553787 53.809471
 -1.557188 53.807911
 -1.557167 53.807899
 -1.557057 53.807869
 -1.557091 53.807789
 -1.557117 53.807709
 -1.557045 53.807625
 -1.556811 53.807480
 -1.556754 53.807362
 -1.556820 53.807220
 -1.552255 53.808247
 -1.552013 53.808140
 -1.551734 53.807983
 -1.551455 53.807831
 -1.551182 53.807682
 -1.550903 53.807518
 -1.550656 53.807377
 -1.550397 53.807236
 -1.550158 53.807106
 -1.549922 53.806973
 -1.549697 53.806839
 -1.549476 53.806702
 -1.549032 53.806469
 -1.551897 53.808201
 -1.551804 53.808266
 -1.551194 53.808319
 -1.550749 53.807964
 -1.550469 53.807800
 -1.550237 53.807636
 -1.550134 53.807701
 -1.549715 53.807369
 -1.549938 53.807491
 -1.549293 53.807079
 -1.549495 53.807220
 -1.551043 53.808086
 -1.564000 53.808048
 -1.563758 53.808300
 -1.563509 53.808563
 -1.564000 53.808712
 -1.554026 53.808716
 -1.554048 53.808346
 -1.554048 53.808102
 -1.560407 53.806110
 -1.560043 53.805969
 -1.559744 53.805855
 -1.559553 53.805817
 -1.559231 53.805729
 -1.559077 53.805672
 -1.558765 53.805569
 -1.558413 53.805450
 -1.557895 53.805267
 -1.557233 53.805027
 -1.561060 53.804878
 -1.561252 53.804974
 -1.558813 53.801601
 -1.562725 53.807014
 -1.563014 53.806629
 -1.563574 53.805908
 -1.562432 53.805592
 -1.561712 53.805405
 -1.562593 53.805332
 -1.562645 53.805298
 -1.562711 53.805275
 -1.562772 53.805271
 -1.562852 53.805290
 -1.563283 53.805405
 -1.563389 53.805462
 -1.563477 53.805531
 -1.563552 53.805599
 -1.563611 53.805649
 -1.563682 53.805729
 -1.563686 53.805779
 -1.555217 53.807384
 -1.554977 53.807365
 -1.554250 53.807301
 -1.553234 53.807224
 -1.559120 53.807640
 -1.558598 53.807514
 -1.558124 53.807400
 -1.557622 53.807281
 -1.557118 53.807178
 -1.558953 53.807899
 -1.559731 53.806759
 -1.559871 53.806553
 -1.559509 53.808018
 -1.559253 53.807945
 -1.558678 53.807873
 -1.558377 53.807831
 -1.558097 53.807789
 -1.557734 53.807735
 -1.557282 53.807655
 -1.556901 53.807598
 -1.556629 53.807564
 -1.556278 53.807514
 -1.555888 53.807461
 -1.555602 53.807419
 -1.555378 53.807404
 -1.557745 53.806297
 -1.557904 53.806068
 -1.557987 53.805950
 -1.558041 53.805870
 -1.558203 53.805668
 -1.556359 53.804535
 -1.555903 53.804180
 -1.555966 53.803810
 -1.559236 53.806648
 -1.558787 53.806541
 -1.558746 53.806530
 -1.558674 53.806515
 -1.558231 53.806416
 -1.556418 53.801601
 -1.556401 53.801620
 -1.556375 53.801670
 -1.557345 53.801601
 -1.557190 53.801964
 -1.556817 53.802094
 -1.555957 53.801632
 -1.556410 53.801762
 -1.556499 53.801846
 -1.556595 53.801929
 -1.557664 53.802757
 -1.557809 53.802864
 -1.549195 53.806892
 -1.559286 53.811001
 -1.564000 53.810291
 -1.563505 53.810379
 -1.562368 53.810558
 -1.550025 53.810116
 -1.549755 53.810059
 -1.549520 53.809971
 -1.549334 53.809879
 -1.548706 53.809551
 -1.548504 53.809464
 -1.548292 53.809383
 -1.547886 53.809322
 -1.547589 53.809292
 -1.547352 53.809277
 -1.547062 53.809254
 -1.546430 53.809189
 -1.546221 53.809139
 -1.546096 53.809093
 -1.549422 53.810066
 -1.549286 53.810249
 -1.549152 53.810410
 -1.549142 53.810425
 -1.549129 53.810459
 -1.549866 53.810368
 -1.549989 53.810383
 -1.550041 53.810390
 -1.549763 53.810665
 -1.550094 53.810688
 -1.549628 53.810650
 -1.549584 53.810722
 -1.549456 53.810711
 -1.549475 53.810665
 -1.549233 53.810623
 -1.549078 53.810600
 -1.548525 53.809734
 -1.548482 53.809803
 -1.548475 53.809860
 -1.548516 53.809898
 -1.548576 53.809921
 -1.548672 53.809944
 -1.548761 53.809967
 -1.548941 53.810009
 -1.549064 53.810028
 -1.544660 53.805763
 -1.545485 53.806351
 -1.546975 53.809517
 -1.546857 53.809761
 -1.546841 53.809853
 -1.546869 53.809925
 -1.546890 53.809971
 -1.546913 53.810024
 -1.546964 53.810066
 -1.547039 53.810108
 -1.547283 53.810150
 -1.547457 53.810181
 -1.547411 53.809612
 -1.547511 53.809639
 -1.547559 53.809650
 -1.547592 53.809639
 -1.547608 53.809608
 -1.547507 53.809464
 -1.547360 53.810001
 -1.546806 53.809750
 -1.546749 53.809780
 -1.546345 53.810501
 -1.546408 53.810520
 -1.546449 53.810543
 -1.546465 53.810570
 -1.546477 53.810642
 -1.546639 53.810696
 -1.547179 53.810894
 -1.547314 53.810955
 -1.546245 53.810696
 -1.544744 53.807652
 -1.545066 53.807877
 -1.545375 53.808075
 -1.545540 53.808182
 -1.545774 53.808331
 -1.545916 53.808468
 -1.546028 53.808483
 -1.546106 53.808491
 -1.546216 53.808460
 -1.546355 53.808365
 -1.546511 53.808334
 -1.546660 53.808334
 -1.546786 53.808342
 -1.546903 53.808353
 -1.545378 53.808029
 -1.545397 53.808006
 -1.545398 53.807968
 -1.545403 53.807953
 -1.545423 53.807930
 -1.546185 53.807819
 -1.546307 53.808380
 -1.546267 53.808376
 -1.546240 53.808357
 -1.545707 53.808479
 -1.545243 53.808487
 -1.545021 53.808510
 -1.546670 53.808208
 -1.546688 53.808140
 -1.545563 53.807472
 -1.547598 53.809212
 -1.547606 53.809128
 -1.547682 53.808994
 -1.547767 53.808941
 -1.547850 53.808899
 -1.548267 53.809277
 -1.548411 53.809189
 -1.547409 53.808670
 -1.547092 53.808891
 -1.547200 53.808941
 -1.546925 53.808811
 -1.550354 53.809200
 -1.550327 53.809109
 -1.550354 53.808990
 -1.550411 53.808880
 -1.550495 53.808796
 -1.550752 53.808598
 -1.550587 53.808517
 -1.550054 53.808701
 -1.550032 53.808689
 -1.549771 53.808552
 -1.549623 53.808479
 -1.549503 53.808411
 -1.549362 53.808346
 -1.549246 53.808285
 -1.548989 53.808159
 -1.548941 53.808128
 -1.548731 53.808022
 -1.548698 53.808006
 -1.548467 53.807884
 -1.548076 53.807682
 -1.549500 53.809750
 -1.549575 53.809647
 -1.549685 53.809402
 -1.549731 53.809319
 -1.549802 53.809189
 -1.549826 53.809147
 -1.549921 53.808929
 -1.548836 53.807636
 -1.548512 53.807854
 -1.549083 53.807758
 -1.549033 53.808132
 -1.549363 53.807922
 -1.549645 53.808044
 -1.549547 53.808388
 -1.550189 53.808289
 -1.550089 53.808678
 -1.549898 53.808174
 -1.550435 53.808445
 -1.549496 53.808727
 -1.549323 53.808910
 -1.549150 53.809086
 -1.548733 53.809219
 -1.549000 53.809017
 -1.549311 53.808388
 -1.548797 53.808849
 -1.548749 53.808887
 -1.548675 53.808846
 -1.548455 53.808727
 -1.546959 53.808319
 -1.548607 53.809135
 -1.548664 53.809174
 -1.548628 53.809231
 -1.547429 53.808636
 -1.548556 53.808052
 -1.548442 53.808121
 -1.548351 53.808182
 -1.548229 53.808128
 -1.547850 53.808002
 -1.547758 53.807987
 -1.547618 53.808037
 -1.547530 53.808090
 -1.547521 53.808121
 -1.547539 53.808170
 -1.547593 53.808235
 -1.547672 53.808334
 -1.547796 53.808445
 -1.547956 53.808559
 -1.548084 53.808586
 -1.548227 53.808613
 -1.548431 53.808624
 -1.548544 53.808601
 -1.548602 53.808544
 -1.548654 53.808468
 -1.548653 53.808426
 -1.548600 53.808372
 -1.548480 53.808277
 -1.547776 53.807938
 -1.547684 53.807896
 -1.547409 53.808033
 -1.547513 53.808155
 -1.547422 53.808090
 -1.547284 53.808231
 -1.547403 53.808292
 -1.547486 53.808334
 -1.547593 53.808392
 -1.547946 53.808575
 -1.548412 53.808800
 -1.548783 53.808430
 -1.548633 53.808270
 -1.548502 53.808170
 -1.548855 53.808334
 -1.548869 53.808281
 -1.548835 53.808212
 -1.545140 53.803097
 -1.543827 53.806858
 -1.543100 53.807201
 -1.547555 53.801605
 -1.548138 53.801796
 -1.548897 53.801857
 -1.548904 53.801601
 -1.547555 53.801601
 -1.548607 53.804855
 -1.548260 53.804451
 -1.548173 53.804379
 -1.548161 53.804375
 -1.548771 53.805126
 -1.548648 53.804928
 -1.549712 53.806026
 -1.549295 53.806271
 -1.549004 53.806496
 -1.548995 53.806534
 -1.549347 53.805225
 -1.549382 53.805187
 -1.549485 53.805103
 -1.549522 53.805103
 -1.549839 53.805004
 -1.550058 53.804970
 -1.550425 53.804848
 -1.550805 53.804718
 -1.551300 53.804501
 -1.551583 53.804359
 -1.550786 53.803688
 -1.550820 53.803780
 -1.551243 53.804108
 -1.551341 53.804188
 -1.551788 53.804363
 -1.552524 53.804703
 -1.552507 53.804752
 -1.552446 53.805008
 -1.552410 53.805149
 -1.552378 53.805336
 -1.552337 53.805557
 -1.553042 53.804985
 -1.553014 53.805080
 -1.554789 53.805164
 -1.554244 53.805164
 -1.554247 53.805401
 -1.554316 53.805401
 -1.554778 53.805397
 -1.552605 53.805077
 -1.552947 53.805080
 -1.553928 53.805084
 -1.555309 53.805096
 -1.555436 53.805103
 -1.555709 53.805038
 -1.555940 53.804924
 -1.556081 53.804813
 -1.556173 53.804798
 -1.556354 53.804802
 -1.555902 53.805408
 -1.555766 53.805408
 -1.555643 53.805332
 -1.555410 53.805187
 -1.555312 53.805408
 -1.554846 53.805405
 -1.555187 53.806973
 -1.554495 53.806946
 -1.554067 53.806934
 -1.553941 53.806931
 -1.554398 53.805798
 -1.554394 53.806210
 -1.554392 53.806263
 -1.555209 53.806774
 -1.554908 53.806789
 -1.554922 53.806820
 -1.554209 53.805336
 -1.553245 53.805332
 -1.550799 53.805344
 -1.554273 53.806473
 -1.554069 53.806465
 -1.553780 53.806465
 -1.553594 53.806545
 -1.552935 53.806507
 -1.549604 53.805954
 -1.549741 53.805885
 -1.549934 53.805828
 -1.550261 53.805840
 -1.550538 53.805901
 -1.550783 53.805916
 -1.549448 53.805218
 -1.549522 53.805145
 -1.550805 53.805157
 -1.549825 53.805519
 -1.551748 53.804749
 -1.551764 53.804718
 -1.551768 53.804661
 -1.552614 53.804764
 -1.544549 53.806854
 -1.544842 53.806919
 -1.544948 53.806957
 -1.545267 53.807144
 -1.545440 53.807236
 -1.545418 53.807262
 -1.545629 53.807388
 -1.545138 53.807217
 -1.545038 53.807266
 -1.544912 53.807343
 -1.544835 53.807411
 -1.544774 53.807522
 -1.544753 53.807602
 -1.544741 53.807732
 -1.544758 53.807796
 -1.544800 53.807842
 -1.550781 53.806324
 -1.550360 53.806423
 -1.552878 53.806732
 -1.552090 53.805927
 -1.552087 53.805561
 -1.552111 53.806011
 -1.552112 53.805962
 -1.552944 53.806065
 -1.553080 53.806068
 -1.553079 53.805561
 -1.554239 53.806217
 -1.554089 53.806297
 -1.557257 53.806190
 -1.557201 53.806301
 -1.557065 53.806396
 -1.556974 53.806435
 -1.549216 53.802387
 -1.550250 53.802479
 -1.550383 53.802490
 -1.550451 53.802494
 -1.548764 53.804897
 -1.549609 53.804722
 -1.550055 53.804344
 -1.550458 53.804066
 -1.550632 53.804028
 -1.550818 53.804028
 -1.551164 53.804138
 -1.550229 53.804222
 -1.556339 53.806156
 -1.555433 53.806156
 -1.555411 53.806156
 -1.555411 53.806229
 -1.555400 53.806293
 -1.555371 53.806335
 -1.555319 53.806362
 -1.555260 53.806408
 -1.555212 53.806431
 -1.555167 53.806458
 -1.555178 53.806553
 -1.555190 53.806568
 -1.555207 53.806595
 -1.555217 53.806633
 -1.555220 53.806690
 -1.555269 53.806969
 -1.555327 53.806328
 -1.555336 53.806290
 -1.555344 53.806267
 -1.555331 53.806236
 -1.555318 53.806213
 -1.555310 53.806190
 -1.555301 53.806175
 -1.555281 53.806156
 -1.555259 53.806152
 -1.555249 53.806141
 -1.555246 53.806126
 -1.555251 53.806110
 -1.555256 53.806095
 -1.555262 53.806087
 -1.555265 53.806076
 -1.555271 53.806068
 -1.555282 53.806053
 -1.555299 53.806046
 -1.555316 53.806038
 -1.555331 53.806030
 -1.555345 53.806026
 -1.555362 53.806015
 -1.555375 53.806011
 -1.555387 53.806007
 -1.555397 53.806004
 -1.555412 53.806000
 -1.555420 53.806000
 -1.555440 53.805992
 -1.555393 53.806023
 -1.555395 53.806042
 -1.555397 53.806049
 -1.555404 53.806068
 -1.555412 53.806084
 -1.555418 53.806095
 -1.555426 53.806114
 -1.555429 53.806126
 -1.555431 53.806137
 -1.556966 53.805958
 -1.556911 53.805973
 -1.556848 53.806007
 -1.556777 53.806030
 -1.556678 53.806057
 -1.556590 53.806084
 -1.556518 53.806095
 -1.556481 53.806114
 -1.556470 53.806149
 -1.556463 53.806179
 -1.556405 53.806194
 -1.555653 53.805973
 -1.555860 53.805962
 -1.556243 53.805882
 -1.556343 53.805843
 -1.556453 53.805786
 -1.556494 53.805813
 -1.556467 53.805897
 -1.556466 53.806000
 -1.556127 53.806019
 -1.556607 53.805786
 -1.556598 53.805561
 -1.556602 53.805382
 -1.556525 53.805386
 -1.556351 53.805386
 -1.556353 53.805408
 -1.556352 53.805569
 -1.556453 53.805569
 -1.556815 53.805817
 -1.556783 53.805561
 -1.554797 53.803463
 -1.554799 53.803352
 -1.554781 53.803898
 -1.554786 53.803741
 -1.554573 53.803741
 -1.553914 53.804657
 -1.553555 53.804565
 -1.554582 53.804661
 -1.546037 53.801601
 -1.546293 53.802032
 -1.547001 53.801880
 -1.545661 53.802174
 -1.549354 53.802689
 -1.549495 53.802811
 -1.547213 53.804565
 -1.547209 53.804314
 -1.547172 53.804123
 -1.547161 53.804073
 -1.547136 53.803982
 -1.556113 53.810905
 -1.556215 53.810978
 -1.556242 53.811001
 -1.555169 53.809937
 -1.555117 53.810043
 -1.554874 53.810364
 -1.554736 53.810547
 -1.554692 53.810619
 -1.554465 53.810940
 -1.554419 53.811001
 -1.547869 53.804523
 -1.547388 53.804424
 -1.547419 53.804539
 -1.546049 53.802788
 -1.545313 53.803024
 -1.543517 53.803940
 -1.543300 53.804123
 -1.545241 53.802940
 -1.543962 53.802593
 -1.543722 53.802528
 -1.543100 53.802406
 -1.543351 53.803066
 -1.543100 53.803013
 -1.543447 53.803085
 -1.543618 53.803333
 -1.544035 53.803432
 -1.543599 53.804264
 -1.543764 53.804329
 -1.543880 53.804371
 -1.543985 53.804401
 -1.544096 53.804447
 -1.544181 53.804474
 -1.544374 53.804520
 -1.544555 53.804501
 -1.544742 53.804470
 -1.544887 53.804413
 -1.545014 53.804340
 -1.545186 53.804245
 -1.546970 53.804173
 -1.547023 53.804127
 -1.547012 53.804081
 -1.546987 53.804039
 -1.546957 53.804008
 -1.546919 53.803967
 -1.547000 53.803913
 -1.546896 53.803745
 -1.546216 53.803089
 -1.545999 53.802876
 -1.547396 53.803574
 -1.547437 53.803730
 -1.547448 53.803734
 -1.547579 53.803879
 -1.543903 53.803520
 -1.543413 53.803780
 -1.543273 53.803818
 -1.543100 53.803936
 -1.545866 53.802624
 -1.545666 53.802391
 -1.545449 53.802036
 -1.545429 53.801991
 -1.558907 53.807068
 -1.558582 53.806767
 -1.559120 53.806816
 -1.558953 53.806782
 -1.558783 53.806774
 -1.558690 53.806770
 -1.554678 53.811001
 -1.555091 53.810753
 -1.554796 53.810654
 -1.554974 53.811001
 -1.555052 53.810890
 -1.555041 53.810856
 -1.555044 53.810822
 -1.555117 53.810719
 -1.555154 53.810680
 -1.554846 53.810581
 -1.555105 53.810970
 -1.555135 53.811001
 -1.556071 53.810703
 -1.556101 53.810825
 -1.556137 53.811001
 -1.555843 53.810951
 -1.555573 53.810879
 -1.555537 53.810871
 -1.555471 53.810825
 -1.555684 53.810841
 -1.555805 53.810852
 -1.555887 53.810883
 -1.546305 53.811001
 -1.546358 53.810837
 -1.545190 53.811001
 -1.545354 53.810913
 -1.545468 53.811001
 -1.544744 53.810471
 -1.544571 53.810429
 -1.544475 53.810570
 -1.544425 53.810604
 -1.544092 53.810764
 -1.543979 53.810825
 -1.544047 53.810890
 -1.543996 53.810921
 -1.543819 53.810997
 -1.545190 53.811001
 -1.549036 53.810390
 -1.548851 53.810360
 -1.548819 53.810352
 -1.548789 53.810349
 -1.548635 53.810326
 -1.548518 53.810310
 -1.548390 53.810246
 -1.548232 53.810177
 -1.548181 53.810154
 -1.548470 53.810413
 -1.548431 53.810493
 -1.548397 53.810520
 -1.548355 53.810551
 -1.548325 53.810555
 -1.548280 53.810558
 -1.548250 53.810555
 -1.548179 53.810547
 -1.548089 53.810532
 -1.548035 53.810497
 -1.548031 53.810459
 -1.548046 53.810410
 -1.548094 53.810261
 -1.548134 53.810192
 -1.548188 53.810085
 -1.548193 53.810055
 -1.548188 53.810005
 -1.548189 53.809933
 -1.548212 53.809849
 -1.548245 53.809765
 -1.548318 53.809700
 -1.549046 53.810490
 -1.548944 53.810741
 -1.548899 53.810829
 -1.548877 53.810921
 -1.548858 53.811001
 -1.548858 53.811001
 -1.548109 53.810978
 -1.546962 53.810936
 -1.546690 53.810894
 -1.550147 53.809769
 -1.549845 53.809719
 -1.550600 53.809559
 -1.550269 53.809505
 -1.550034 53.809433
 -1.543100 53.810501
 -1.543315 53.810398
 -1.543870 53.810806
 -1.543604 53.810944
 -1.543443 53.810825
 -1.543254 53.810673
 -1.543100 53.810764
 -1.543100 53.810764
 -1.543157 53.810776
 -1.543319 53.810886
 -1.543691 53.811001
 -1.543815 53.811001
 -1.544655 53.811001
 -1.544526 53.810898
 -1.544398 53.810963
 -1.544450 53.811001
 -1.544271 53.810875
 -1.544097 53.811001
 -1.544014 53.810699
 -1.543459 53.810234
 -1.543569 53.810123
 -1.543885 53.810242
 -1.543873 53.810299
 -1.543837 53.810547
 -1.544064 53.810528
 -1.543894 53.810596
 -1.543125 53.809929
 -1.543100 53.809940
 -1.543216 53.810322
 -1.543100 53.810272
 -1.551571 53.811001
 -1.551563 53.810940
 -1.551298 53.810844
 -1.551043 53.810764
 -1.550893 53.810905
 -1.550878 53.810993
 -1.550877 53.811001
 -1.551312 53.810825
 -1.551344 53.810760
 -1.551379 53.810707
 -1.551397 53.810661
 -1.551136 53.810539
 -1.550713 53.810410
 -1.551788 53.809872
 -1.551569 53.810093
 -1.551475 53.810192
 -1.551418 53.810249
 -1.551246 53.810429
 -1.550849 53.810303
 -1.551036 53.810112
 -1.551110 53.810139
 -1.551455 53.810623
 -1.544925 53.806519
 -1.546991 53.807823
 -1.547021 53.807884
 -1.547160 53.807953
 -1.547338 53.808071
 -1.544438 53.807384
 -1.544253 53.807266
 -1.543100 53.808445
 -1.543271 53.808369
 -1.543180 53.808300
 -1.543100 53.808243
 -1.544632 53.806713
 -1.544452 53.806778
 -1.544284 53.806843
 -1.544023 53.806976
 -1.543657 53.808086
 -1.543349 53.807873
 -1.544181 53.808430
 -1.544009 53.808502
 -1.544174 53.808647
 -1.544283 53.808754
 -1.544244 53.808765
 -1.544298 53.808811
 -1.544458 53.808956
 -1.544437 53.809078
 -1.544391 53.809380
 -1.544361 53.809540
 -1.544338 53.809662
 -1.544254 53.809658
 -1.544111 53.809650
 -1.544765 53.809093
 -1.544100 53.809708
 -1.544145 53.809521
 -1.544278 53.809532
 -1.544159 53.809368
 -1.544014 53.809376
 -1.543907 53.809402
 -1.543845 53.809448
 -1.543803 53.809540
 -1.543777 53.809654
 -1.543700 53.810005
 -1.544164 53.809200
 -1.544175 53.809116
 -1.544197 53.809025
 -1.544311 53.809017
 -1.544167 53.808868
 -1.543870 53.808617
 -1.543718 53.808483
 -1.543460 53.808289
 -1.543100 53.808949
 -1.543164 53.808918
 -1.543551 53.808743
 -1.543583 53.808727
 -1.543826 53.808640
 -1.543857 53.808414
 -1.544376 53.808563
 -1.543100 53.808796
 -1.551903 53.809910
 -1.551856 53.809895
 -1.551592 53.809799
 -1.551327 53.809704
 -1.551726 53.810280
 -1.551997 53.809765
 -1.551424 53.809368
 -1.551261 53.809368
 -1.551390 53.809387
 -1.551563 53.809418
 -1.551692 53.809437
 -1.551843 53.809467
 -1.551888 53.809551
 -1.551856 53.809620
 -1.551886 53.809631
 -1.551919 53.809647
 -1.551848 53.809711
 -1.552101 53.809792
 -1.552161 53.809780
 -1.552209 53.809784
 -1.552325 53.809826
 -1.551447 53.809566
 -1.551353 53.809673
 -1.551529 53.810558
 -1.552029 53.810234
 -1.552067 53.809895
 -1.552028 53.809910
 -1.551982 53.809910
 -1.551932 53.809895
 -1.551864 53.809944
 -1.552261 53.810062
 -1.549525 53.807682
 -1.549640 53.807610
 -1.549779 53.807507
 -1.550609 53.807899
 -1.550932 53.808182
 -1.550996 53.808147
 -1.550972 53.808086
 -1.552704 53.809708
 -1.553111 53.809315
 -1.553452 53.809772
 -1.553736 53.809448
 -1.553126 53.811001
 -1.553492 53.810528
 -1.553758 53.810192
 -1.553779 53.810165
 -1.554069 53.809792
 -1.554091 53.809757
 -1.554184 53.809624
 -1.553819 53.810600
 -1.554046 53.810238
 -1.554365 53.809910
 -1.559911 53.806530
 -1.560461 53.806656
 -1.559966 53.806511
 -1.560353 53.806404
 -1.560480 53.806377
 -1.564000 53.808014
 -1.561866 53.808434
 -1.562033 53.808235
 -1.562129 53.808121
 -1.562295 53.807941
 -1.562453 53.807701
 -1.562458 53.807655
 -1.562421 53.807590
 -1.562345 53.807522
 -1.561305 53.807243
 -1.561191 53.807251
 -1.561056 53.807297
 -1.560936 53.807289
 -1.560400 53.807163
 -1.560172 53.807106
 -1.562494 53.807987
 -1.562675 53.807724
 -1.549354 53.802769
 -1.549291 53.802757
 -1.549124 53.802750
 -1.547233 53.803757
 -1.547369 53.803745
 -1.547951 53.803520
 -1.547521 53.803917
 -1.547371 53.803982
 -1.547290 53.803989
 -1.558181 53.802982
 -1.558395 53.803020
 -1.559610 53.803230
 -1.559806 53.803265
 -1.560237 53.803356
 -1.560551 53.803497
 -1.560726 53.803604
 -1.560825 53.803677
 -1.560971 53.803860
 -1.561021 53.803944
 -1.561044 53.804020
 -1.561066 53.804142
 -1.561074 53.804249
 -1.561070 53.804405
 -1.561067 53.804550
 -1.557560 53.803471
 -1.557275 53.803425
 -1.557089 53.803425
 -1.556899 53.803482
 -1.547114 53.803947
 -1.547092 53.803909
 -1.546796 53.803501
 -1.551411 53.803024
 -1.551381 53.802998
 -1.551371 53.802967
 -1.551398 53.802921
 -1.551462 53.802898
 -1.551545 53.802902
 -1.551600 53.802925
 -1.551622 53.802963
 -1.551609 53.803005
 -1.551537 53.803040
 -1.551470 53.803043
 -1.550817 53.804760
 -1.551042 53.804707
 -1.551243 53.804657
 -1.551460 53.804626
 -1.551860 53.804672
 -1.551891 53.804638
 -1.551997 53.804371
 -1.556012 53.810406
 -1.543100 53.806366
 -1.543221 53.806450
 -1.544336 53.807194
 -1.556390 53.802349
 -1.555670 53.801624
 -1.555645 53.801811
 -1.555701 53.801968
 -1.555937 53.802185
 -1.556013 53.802235
 -1.556088 53.802334
 -1.556065 53.802433
 -1.555977 53.802502
 -1.555765 53.802536
 -1.555719 53.802502
 -1.555736 53.802399
 -1.555822 53.802326
 -1.555910 53.802280
 -1.556124 53.805580
 -1.554694 53.805580
 -1.553943 53.805573
 -1.554206 53.805401
 -1.554006 53.805401
 -1.554006 53.805481
 -1.550981 53.803436
 -1.552791 53.803654
 -1.552782 53.803741
 -1.552977 53.803741
 -1.553491 53.803738
 -1.552974 53.804077
 -1.552321 53.804073
 -1.552507 53.803745
 -1.551528 53.804218
 -1.552027 53.803707
 -1.554291 53.803753
 -1.554202 53.803822
 -1.554177 53.803894
 -1.554171 53.803978
 -1.554177 53.804543
 -1.554177 53.804558
 -1.554400 53.804558
 -1.554402 53.804596
 -1.554688 53.804596
 -1.555175 53.804592
 -1.555181 53.804142
 -1.557376 53.803699
 -1.557260 53.803928
 -1.556925 53.804199
 -1.556692 53.803467
 -1.556639 53.803417
 -1.556649 53.803169
 -1.556632 53.803112
 -1.556543 53.803036
 -1.556392 53.802906
 -1.556335 53.802837
 -1.556400 53.802765
 -1.556664 53.802643
 -1.556078 53.805408
 -1.546317 53.802822
 -1.546274 53.803040
 -1.546311 53.802711
 -1.544293 53.801601
 -1.544489 53.801964
 -1.545302 53.801800
 -1.545381 53.801601
 -1.545435 53.801891
 -1.545381 53.801769
 -1.545321 53.801640
 -1.545300 53.801601
 -1.555495 53.807060
 -1.555921 53.810837
 -1.555826 53.811001
 -1.555495 53.810051
 -1.555265 53.810337
 -1.558564 53.808914
 -1.558715 53.808971
 -1.557185 53.810764
 -1.557429 53.810680
 -1.557117 53.810410
 -1.555810 53.810738
 -1.555627 53.810684
 -1.552326 53.808598
 -1.552318 53.808372
 -1.552428 53.808472
 -1.552534 53.808605
 -1.552564 53.808678
 -1.551964 53.807514
 -1.551823 53.807358
 -1.552473 53.808678
 -1.555761 53.810474
 -1.555607 53.810539
 -1.559581 53.807938
 -1.559351 53.808155
 -1.559096 53.808369
 -1.558742 53.808674
 -1.558439 53.809132
 -1.558311 53.809433
 -1.558281 53.809502
 -1.558236 53.809586
 -1.558052 53.809807
 -1.557897 53.809956
 -1.557697 53.810112
 -1.557394 53.810287
 -1.556110 53.810497
 -1.556082 53.810471
 -1.556031 53.810429
 -1.555879 53.810287
 -1.555734 53.810169
 -1.555620 53.810104
 -1.555312 53.809982
 -1.545224 53.801651
 -1.545196 53.801601
 -1.549080 53.801601
 -1.549075 53.801872
 -1.549094 53.802113
 -1.549183 53.802334
 -1.547472 53.805115
 -1.547933 53.805084
 -1.548582 53.804996
 -1.549089 53.804913
 -1.550020 53.804695
 -1.550600 53.804512
 -1.549983 53.803165
 -1.550415 53.803459
 -1.550546 53.803524
 -1.548734 53.802967
 -1.548993 53.805439
 -1.545895 53.809029
 -1.545553 53.808846
 -1.544440 53.808147
 -1.543765 53.807728
 -1.543668 53.807690
 -1.543526 53.807781
 -1.543100 53.808243
 -1.546187 53.810799
 -1.544616 53.810440
 -1.544180 53.810333
 -1.543679 53.810165
 -1.543300 53.810001
 -1.543100 53.809917
 -1.556675 53.811001
 -1.556492 53.810867
 -1.551892 53.808586
 -1.551728 53.808525
 -1.551507 53.808441
 -1.550785 53.808086
 -1.549091 53.807106
 -1.551678 53.803436
 -1.551764 53.803379
 -1.551173 53.803333
 -1.551430 53.803074
 -1.551487 53.803078
 -1.551538 53.803070
 -1.551617 53.803043
 -1.551669 53.802998
 -1.551666 53.802940
 -1.551618 53.802895
 -1.551658 53.802837
 -1.551770 53.802868
 -1.551770 53.802959
 -1.547049 53.805550
 -1.546973 53.805634
 -1.546914 53.805664
 -1.546700 53.805679
 -1.547025 53.805473
 -1.546996 53.805405
 -1.546445 53.805042
 -1.546807 53.805088
 -1.545705 53.804802
 -1.545841 53.804729
 -1.546013 53.804550
 -1.546168 53.804333
 -1.546361 53.804188
 -1.546511 53.804131
 -1.546689 53.804096
 -1.546951 53.804085
 -1.546509 53.805401
 -1.546532 53.805431
 -1.546581 53.805492
 -1.547296 53.805485
 -1.547427 53.805489
 -1.547486 53.805561
 -1.547569 53.805710
 -1.547664 53.805824
 -1.543344 53.804653
 -1.543863 53.804768
 -1.544351 53.804855
 -1.544875 53.804920
 -1.545144 53.804935
 -1.545394 53.804909
 -1.545558 53.804867
 -1.543100 53.804588
 -1.545799 53.804649
 -1.545812 53.804497
 -1.545745 53.804329
 -1.547486 53.804073
 -1.547585 53.804085
 -1.547726 53.804150
 -1.547937 53.804276
 -1.556946 53.807167
 -1.558469 53.802032
 -1.558189 53.801899
 -1.561889 53.801746
 -1.562091 53.801708
 -1.560797 53.802395
 -1.559979 53.802959
 -1.560346 53.803020
 -1.559606 53.802887
 -1.560260 53.803291
 -1.560475 53.803318
 -1.560550 53.803402
 -1.561494 53.802502
 -1.561984 53.802685
 -1.562031 53.801601
 -1.562163 53.801823
 -1.562196 53.801868
 -1.562244 53.801903
 -1.562299 53.801933
 -1.562357 53.801956
 -1.562521 53.801994
 -1.562597 53.802013
 -1.562560 53.802078
 -1.543100 53.806499
 -1.547170 53.807343
 -1.547428 53.807457
 -1.547793 53.807602
 -1.562191 53.804905
 -1.561880 53.804947
 -1.561472 53.804943
 -1.561058 53.804825
 -1.564000 53.803665
 -1.558039 53.801727
 -1.557534 53.802223
 -1.562770 53.801685
 -1.561260 53.806164
 -1.561014 53.806553
 -1.564000 53.805962
 -1.551930 53.805542
 -1.550899 53.805546
 -1.550794 53.805546
 -1.553872 53.805794
 -1.553865 53.805920
 -1.553854 53.806126
 -1.553423 53.806107
 -1.552953 53.806103
 -1.554106 53.806183
 -1.554388 53.806465
 -1.554413 53.806503
 -1.554564 53.806778
 -1.554572 53.806850
 -1.553873 53.805676
 -1.556932 53.807217
 -1.556969 53.807133
 -1.555312 53.806877
 -1.555247 53.807014
 -1.555548 53.807068
 -1.555564 53.807037
 -1.562491 53.808830
 -1.562358 53.809006
 -1.559709 53.808155
 -1.559851 53.808002
 -1.556556 53.804939
 -1.556524 53.805092
 -1.556520 53.805275
 -1.556749 53.805283
 -1.556878 53.805313
 -1.556964 53.805351
 -1.556974 53.805401
 -1.556974 53.805439
 -1.556908 53.805439
 -1.556906 53.805470
 -1.557031 53.805466
 -1.557032 53.805492
 -1.556906 53.805492
 -1.556906 53.805511
 -1.557030 53.805511
 -1.557031 53.805546
 -1.556912 53.805569
 -1.556910 53.805847
 -1.559286 53.811001
 -1.558845 53.810947
 -1.558775 53.810833
 -1.558576 53.810719
 -1.558697 53.804359
 -1.558919 53.804440
 -1.558270 53.804127
 -1.559611 53.805748
 -1.559841 53.805454
 -1.559841 53.805405
 -1.555820 53.804852
 -1.556001 53.804989
 -1.556044 53.805237
 -1.555985 53.805340
 -1.554948 53.807526
 -1.554686 53.807621
 -1.554646 53.807846
 -1.554574 53.808079
 -1.554412 53.808182
 -1.554382 53.808300
 -1.554195 53.808311
 -1.544894 53.804981
 -1.545156 53.804996
 -1.545911 53.805000
 -1.546366 53.805027
 -1.546911 53.804024
 -1.560711 53.807518
 -1.560841 53.807655
 -1.560958 53.807777
 -1.561256 53.807049
 -1.560817 53.806503
 -1.560814 53.807701
 -1.557764 53.805309
 -1.557702 53.805317
 -1.557264 53.805176
 -1.557226 53.805111
 -1.559072 53.805935
 -1.558996 53.806236
 -1.559222 53.805984
 -1.548439 53.807396
 -1.548453 53.807308
 -1.548624 53.807148
 -1.548713 53.807003
 -1.548240 53.807560
 -1.547992 53.807739
 -1.547882 53.807793
 -1.547165 53.808167
 -1.546728 53.808491
 -1.546454 53.808731
 -1.546224 53.808937
 -1.548943 53.807110
 -1.548804 53.807133
 -1.548761 53.807144
 -1.560496 53.806488
 -1.560663 53.806480
 -1.563045 53.807087
 -1.563728 53.807220
 -1.564000 53.807232
 -1.558776 53.806210
 -1.558829 53.806274
 -1.557650 53.806076
 -1.557455 53.806065
 -1.557202 53.806004
 -1.548719 53.806870
 -1.548524 53.806770
 -1.548101 53.806511
 -1.547734 53.806236
 -1.547572 53.806038
 -1.552283 53.807293
 -1.552361 53.807327
 -1.552108 53.807491
 -1.552151 53.807617
 -1.547120 53.803852
 -1.547157 53.803818
 -1.547219 53.805908
 -1.546905 53.805767
 -1.546402 53.805546
 -1.545978 53.805435
 -1.545450 53.805382
 -1.544852 53.805363
 -1.544298 53.805302
 -1.543622 53.805195
 -1.543100 53.804630
 -1.543111 53.804646
 -1.543361 53.804718
 -1.543811 53.804813
 -1.544358 53.804909
 -1.548477 53.806599
 -1.548648 53.806660
 -1.548734 53.806683
 -1.547093 53.805813
 -1.547050 53.805733
 -1.547055 53.805656
 -1.547549 53.806114
 -1.547388 53.806004
 -1.547985 53.804222
 -1.547114 53.804272
 -1.546861 53.804157
 -1.546691 53.804173
 -1.546510 53.804218
 -1.546337 53.804321
 -1.546224 53.804459
 -1.546177 53.804588
 -1.546181 53.804768
 -1.546224 53.804916
 -1.546275 53.804977
 -1.554034 53.809307
 -1.554272 53.809559
 -1.554168 53.809208
 -1.554076 53.809261
 -1.560900 53.808510
 -1.562652 53.801952
 -1.553221 53.808899
 -1.553320 53.808907
 -1.553385 53.808907
 -1.553029 53.808876
 -1.552986 53.808876
 -1.552957 53.808887
 -1.552812 53.808956
 -1.554162 53.809612
 -1.553988 53.809307
 -1.553929 53.809315
 -1.553860 53.809322
 -1.553803 53.809315
 -1.553732 53.809296
 -1.551384 53.809425
 -1.551390 53.809475
 -1.551408 53.809505
 -1.551424 53.809536
 -1.551436 53.809555
 -1.555589 53.801601
 -1.548718 53.807205
 -1.548589 53.807327
 -1.548823 53.807060
 -1.548864 53.806725
 -1.548878 53.806885
 -1.555077 53.810410
 -1.555190 53.810440
 -1.555293 53.810505
 -1.555281 53.810528
 -1.545295 53.809029
 -1.544974 53.809380
 -1.545017 53.809456
 -1.545151 53.809658
 -1.544853 53.810123
 -1.544797 53.810215
 -1.545698 53.809677
 -1.545800 53.809540
 -1.545928 53.809486
 -1.546079 53.809254
 -1.545582 53.809872
 -1.545495 53.810017
 -1.546063 53.809978
 -1.545897 53.810230
 -1.545746 53.810432
 -1.546218 53.805981
 -1.545654 53.806259
 -1.545116 53.806427
 -1.544764 53.806595
 -1.544481 53.806961
 -1.544402 53.807106
 -1.543856 53.807537
 -1.546113 53.809902
 -1.546159 53.809830
 -1.546328 53.809872
 -1.546475 53.809910
 -1.543810 53.810772
 -1.543100 53.810368
 -1.553435 53.806801
 -1.553887 53.806873
 -1.551861 53.808460
 -1.544340 53.810150
 -1.543888 53.810047
 -1.543536 53.809990
 -1.543441 53.809990
 -1.552113 53.806126
 -1.552285 53.806137
 -1.544127 53.802341
 -1.545035 53.802547
 -1.545137 53.802715
 -1.544335 53.802025
 -1.543100 53.804050
 -1.543357 53.803860
 -1.544398 53.803303
 -1.548938 53.806633
 -1.548801 53.806793
 -1.552466 53.808620
 -1.552443 53.808601
 -1.556601 53.810886
 -1.556548 53.810848
 -1.548670 53.806599
 -1.548682 53.806618
 -1.548774 53.806648
 -1.548807 53.806656
 -1.548848 53.806622
 -1.548734 53.806778
 -1.548873 53.806557
 -1.557904 53.803539
 -1.561040 53.805023
 -1.560997 53.805119
 -1.560851 53.805347
 -1.560598 53.805779
 -1.560506 53.805916
 -1.560441 53.806026
 -1.560444 53.806271
 -1.560495 53.806522
 -1.559947 53.807430
 -1.559726 53.807747
 -1.556018 53.801601
 -1.554490 53.809715
 -1.554275 53.809654
 -1.553222 53.809196
 -1.552933 53.809032
 -1.547764 53.806007
 -1.548005 53.806274
 -1.548268 53.806477
 -1.548501 53.810703
 -1.548253 53.810478
 -1.548147 53.810467
 -1.548255 53.810593
 -1.548042 53.810577
 -1.548002 53.810593
 -1.547913 53.810646
 -1.547857 53.810684
 -1.547821 53.810696
 -1.547793 53.810711
 -1.548308 53.810577
 -1.548836 53.810265
 -1.548852 53.810246
 -1.548525 53.810421
 -1.548604 53.810436
 -1.548598 53.810459
 -1.548580 53.810497
 -1.548571 53.810532
 -1.548577 53.810547
 -1.548632 53.810394
 -1.548773 53.810410
 -1.548832 53.810387
 -1.548273 53.810375
 -1.548284 53.810406
 -1.548271 53.810444
 -1.548253 53.810493
 -1.547973 53.810593
 -1.547928 53.810593
 -1.547855 53.810585
 -1.547695 53.810574
 -1.547591 53.810612
 -1.547553 53.810627
 -1.547537 53.810669
 -1.547522 53.810715
 -1.547501 53.810753
 -1.548474 53.810707
 -1.548472 53.810726
 -1.548458 53.810741
 -1.548450 53.810757
 -1.548449 53.810780
 -1.548447 53.810787
 -1.548222 53.810196
 -1.548214 53.810219
 -1.548217 53.810284
 -1.548225 53.810307
 -1.548198 53.810368
 -1.548304 53.810379
 -1.548334 53.810322
 -1.548796 53.810257
 -1.548689 53.810238
 -1.548710 53.810184
 -1.548403 53.810707
 -1.548441 53.810699
 -1.548545 53.810696
 -1.548580 53.810680
 -1.548618 53.810669
 -1.548626 53.810658
 -1.548612 53.810631
 -1.548598 53.810596
 -1.548589 53.810570
 -1.548540 53.810535
 -1.548500 53.810532
 -1.548461 53.810532
 -1.548430 53.810532
 -1.548357 53.809673
 -1.548383 53.809628
 -1.548356 53.810722
 -1.548307 53.810730
 -1.548249 53.810734
 -1.548195 53.810730
 -1.547708 53.810547
 -1.547743 53.810543
 -1.547762 53.810471
 -1.547838 53.810474
 -1.547855 53.810417
 -1.547897 53.810417
 -1.548002 53.810425
 -1.550641 53.810329
 -1.550564 53.810287
 -1.552562 53.810303
 -1.552216 53.810200
 -1.552495 53.810390
 -1.552127 53.810287
 -1.551303 53.809731
 -1.551223 53.809708
 -1.551092 53.809673
 -1.551009 53.809666
 -1.550928 53.809677
 -1.550872 53.809719
 -1.550840 53.809761
 -1.550810 53.809795
 -1.550761 53.809856
 -1.550719 53.809910
 -1.550698 53.809937
 -1.550714 53.809998
 -1.550719 53.810135
 -1.550678 53.810253
 -1.550666 53.810287
 -1.550612 53.810383
 -1.550612 53.810402
 -1.550612 53.810482
 -1.550612 53.810726
 -1.550639 53.810909
 -1.550650 53.810944
 -1.550738 53.810963
 -1.550816 53.810978
 -1.551245 53.809639
 -1.551140 53.809605
 -1.551084 53.809566
 -1.551065 53.809525
 -1.551103 53.809471
 -1.551167 53.809422
 -1.550998 53.809990
 -1.551055 53.809940
 -1.551103 53.809940
 -1.551282 53.809753
 -1.553199 53.810020
 -1.553294 53.809898
 -1.553753 53.809643
 -1.551854 53.810589
 -1.551921 53.810638
 -1.551993 53.810669
 -1.552059 53.810684
 -1.552093 53.810707
 -1.552084 53.810726
 -1.552055 53.810772
 -1.552014 53.810783
 -1.551926 53.810768
 -1.551829 53.810760
 -1.552788 53.809917
 -1.552880 53.809788
 -1.551905 53.811001
 -1.551832 53.810974
 -1.551743 53.810940
 -1.553123 53.809849
 -1.553025 53.809978
 -1.551262 53.809994
 -1.551232 53.810024
 -1.553350 53.809406
 -1.553282 53.809376
 -1.553211 53.809349
 -1.553044 53.809982
 -1.552889 53.809940
 -1.552760 53.809910
 -1.552645 53.809902
 -1.552556 53.809917
 -1.552487 53.809971
 -1.552440 53.810013
 -1.552342 53.810097
 -1.552295 53.810135
 -1.552108 53.810307
 -1.551972 53.810448
 -1.551781 53.810696
 -1.551752 53.810802
 -1.550091 53.810200
 -1.548692 53.810150
 -1.547972 53.810509
 -1.547782 53.810493
 -1.549044 53.810692
 -1.556550 53.810226
 -1.556696 53.810150
 -1.556878 53.810040
 -1.556379 53.809658
 -1.556552 53.809551
 -1.543381 53.809383
 -1.543362 53.809433
 -1.543100 53.809555
 -1.543724 53.808716
 -1.543697 53.808762
 -1.543716 53.808804
 -1.543754 53.808834
 -1.543743 53.808865
 -1.543710 53.808880
 -1.543676 53.808891
 -1.543188 53.809120
 -1.543107 53.809162
 -1.543579 53.809402
 -1.543456 53.809937
 -1.544032 53.809750
 -1.543944 53.809784
 -1.543937 53.809811
 -1.543932 53.809830
 -1.543923 53.809891
 -1.544855 53.809525
 -1.544682 53.809513
 -1.544810 53.808891
 -1.544472 53.808525
 -1.544379 53.808468
 -1.544244 53.809338
 -1.544282 53.809063
 -1.543638 53.808834
 -1.543582 53.808788
 -1.544512 53.809940
 -1.545452 53.810097
 -1.545403 53.810150
 -1.545357 53.810219
 -1.545315 53.810268
 -1.545269 53.810295
 -1.545226 53.810307
 -1.545173 53.810299
 -1.545087 53.810287
 -1.544993 53.810268
 -1.544864 53.810238
 -1.544657 53.810188
 -1.544452 53.810162
 -1.544639 53.810390
 -1.544293 53.808243
 -1.544252 53.808300
 -1.544252 53.808369
 -1.544306 53.808407
 -1.544346 53.808437
 -1.544299 53.808506
 -1.544199 53.808556
 -1.544709 53.810287
 -1.543587 53.809315
 -1.543598 53.809292
 -1.543644 53.809273
 -1.543834 53.809193
 -1.543839 53.809174
 -1.543759 53.809105
 -1.543713 53.809097
 -1.543563 53.809155
 -1.543547 53.809193
 -1.552758 53.810318
 -1.552617 53.810486
 -1.552695 53.810303
 -1.552645 53.810291
 -1.552610 53.810272
 -1.552598 53.810249
 -1.552589 53.810226
 -1.552545 53.810204
 -1.552204 53.807610
 -1.552237 53.807575
 -1.552265 53.807526
 -1.552291 53.807468
 -1.552313 53.807388
 -1.552270 53.807346
 -1.552167 53.807327
 -1.552030 53.807350
 -1.552038 53.807381
 -1.548796 53.810444
 -1.548745 53.810570
 -1.548675 53.810558
 -1.548630 53.810551
 -1.548614 53.810692
 -1.548696 53.810703
 -1.548667 53.810642
 -1.548705 53.810631
 -1.548707 53.810612
 -1.548715 53.810581
 -1.548798 53.810574
 -1.551779 53.809608
 -1.556784 53.810543
 -1.556603 53.810612
 -1.545463 53.802868
 -1.545619 53.802799
 -1.545725 53.802723
 -1.546101 53.802853
 -1.547699 53.802563
 -1.548629 53.802925
 -1.559927 53.808235
 -1.559814 53.808270
 -1.559732 53.808247
 -1.559694 53.808208
 -1.559756 53.808128
 -1.564000 53.809559
 -1.563921 53.809525
 -1.563186 53.809277
 -1.561162 53.808605
 -1.560636 53.808411
 -1.560234 53.808273
 -1.561828 53.811001
 -1.561675 53.810875
 -1.554179 53.804104
 -1.560722 53.811001
 -1.564000 53.804512
 -1.564000 53.802914
 -1.564000 53.802914
 -1.564000 53.802914
 -1.550877 53.811001
 -1.550877 53.811001
 -1.550877 53.811001
 -1.550877 53.811001
 -1.550877 53.811001
 -1.555703 53.801601
 -1.547377 53.801601
 -1.556418 53.801601
 -1.547555 53.801601
 -1.553113 53.805714
 -1.554678 53.811001
 -1.554678 53.811001
 -1.545190 53.811001
 -1.545190 53.811001
 -1.545468 53.811001
 -1.545468 53.811001
 -1.543100 53.810501
 -1.551571 53.811001
 -1.551571 53.811001
 -1.544293 53.801601
 -1.556675 53.811001
 -1.556675 53.811001
 -1.556675 53.811001
 -1.556675 53.811001
 -1.556675 53.811001
 -1.556675 53.811001
 -1.543100 53.804588
 -1.556018 53.801601
 -1.556018 53.801601
 -1.556018 53.801601
 -1.556074 53.805706
 -1.555966 53.805706
 -1.555964 53.805664
 -1.556074 53.805664
 -1.557411 53.807034
 -1.557331 53.807152
 -1.557542 53.807201
 -1.557624 53.807083
 -1.557699 53.806614
 -1.557848 53.806396
 -1.558059 53.806446
 -1.557911 53.806664
 -1.557965 53.807171
 -1.558105 53.807205
 -1.558034 53.807312
 -1.557893 53.807278
 -1.557861 53.806736
 -1.557650 53.806686
 -1.558318 53.806656
 -1.558459 53.806686
 -1.558550 53.806553
 -1.558410 53.806522
 -1.558362 53.806831
 -1.558221 53.806797
 -1.558294 53.806931
 -1.558152 53.806896
 -1.558255 53.806988
 -1.558114 53.806953
 -1.558176 53.807102
 -1.558035 53.807068
 -1.558614 53.807198
 -1.558441 53.807152
 -1.558299 53.807346
 -1.558473 53.807392
 -1.558694 53.807095
 -1.558521 53.807049
 -1.558764 53.806995
 -1.558830 53.806908
 -1.558659 53.806858
 -1.559329 53.807491
 -1.559509 53.807533
 -1.559358 53.807762
 -1.559179 53.807720
 -1.559587 53.807415
 -1.559408 53.807373
 -1.559705 53.807240
 -1.559525 53.807198
 -1.559764 53.807148
 -1.559584 53.807106
 -1.559802 53.807091
 -1.559622 53.807049
 -1.559879 53.806976
 -1.559699 53.806934
 -1.558987 53.807495
 -1.559120 53.807320
 -1.558951 53.807278
 -1.558814 53.807453
 -1.559459 53.806870
 -1.559282 53.806824
 -1.559155 53.806992
 -1.559097 53.807083
 -1.559473 53.805649
 -1.559612 53.805523
 -1.559438 53.805454
 -1.559299 53.805580
 -1.559228 53.805546
 -1.559367 53.805420
 -1.559193 53.805355
 -1.559054 53.805481
 -1.558836 53.805405
 -1.558972 53.805275
 -1.559080 53.805317
 -1.558943 53.805443
 -1.558728 53.805363
 -1.558864 53.805237
 -1.558571 53.805305
 -1.558710 53.805176
 -1.557446 53.804878
 -1.557600 53.804939
 -1.557737 53.804810
 -1.557583 53.804752
 -1.557728 53.804989
 -1.557870 53.804859
 -1.557906 53.805054
 -1.558048 53.804928
 -1.558214 53.805168
 -1.558355 53.805042
 -1.558601 53.804649
 -1.558730 53.804520
 -1.558544 53.804455
 -1.558416 53.804585
 -1.558325 53.804527
 -1.558428 53.804420
 -1.557821 53.804218
 -1.557718 53.804325
 -1.558124 53.804459
 -1.557414 53.804420
 -1.557642 53.804184
 -1.557446 53.804119
 -1.557218 53.804356
 -1.558034 53.803741
 -1.557858 53.803944
 -1.557631 53.803875
 -1.557691 53.803806
 -1.557869 53.803860
 -1.557893 53.803833
 -1.557606 53.803745
 -1.557699 53.803638
 -1.558406 53.803322
 -1.558472 53.803185
 -1.558223 53.803143
 -1.558157 53.803280
 -1.559615 53.803535
 -1.559680 53.803398
 -1.559398 53.803352
 -1.559333 53.803490
 -1.560011 53.803562
 -1.560060 53.803471
 -1.559776 53.803417
 -1.559727 53.803513
 -1.560195 53.804199
 -1.560309 53.804104
 -1.559531 53.803787
 -1.559416 53.803886
 -1.559163 53.803799
 -1.559266 53.803688
 -1.558855 53.803551
 -1.558920 53.803448
 -1.559026 53.803471
 -1.559105 53.803349
 -1.558781 53.803276
 -1.558566 53.803612
 -1.559036 53.804157
 -1.559161 53.804028
 -1.559002 53.803974
 -1.558877 53.804104
 -1.558830 53.804043
 -1.558929 53.803944
 -1.558802 53.803898
 -1.558703 53.803997
 -1.559423 53.804455
 -1.559670 53.804241
 -1.559272 53.804081
 -1.559025 53.804295
 -1.560739 53.804867
 -1.560892 53.804703
 -1.560723 53.804649
 -1.560570 53.804810
 -1.560527 53.804752
 -1.560652 53.804626
 -1.560493 53.804569
 -1.560368 53.804699
 -1.560133 53.804718
 -1.560360 53.804512
 -1.559750 53.804276
 -1.559523 53.804482
 -1.558536 53.803986
 -1.558649 53.803871
 -1.558274 53.803741
 -1.558028 53.803986
 -1.558318 53.804089
 -1.558451 53.803955
 -1.560680 53.804443
 -1.560837 53.804504
 -1.560804 53.803951
 -1.560643 53.803944
 -1.560310 53.803654
 -1.560361 53.803581
 -1.560191 53.803539
 -1.560140 53.803612
 -1.560522 53.803768
 -1.560589 53.803711
 -1.560444 53.803650
 -1.560377 53.803703
 -1.560645 53.803886
 -1.560753 53.803841
 -1.560653 53.803761
 -1.560545 53.803806
 -1.556493 53.808601
 -1.556635 53.808735
 -1.556774 53.808685
 -1.556622 53.808548
 -1.554188 53.805359
 -1.550820 53.805359
 -1.550820 53.805531
 -1.551902 53.805531
 -1.553996 53.805531
 -1.554188 53.805531
 -1.554188 53.805454
 -1.554188 53.805424
 -1.556813 53.805805
 -1.556684 53.805801
 -1.556687 53.805576
 -1.556815 53.805576
 -1.554400 53.805424
 -1.554605 53.805424
 -1.554690 53.805424
 -1.556325 53.805424
 -1.556325 53.805717
 -1.556074 53.805717
 -1.556074 53.805565
 -1.554655 53.805565
 -1.554655 53.805790
 -1.554484 53.805790
 -1.554400 53.805790
 -1.554400 53.805565
 -1.554400 53.805454
 -1.543515 53.800842
 -1.543516 53.800865
 -1.543425 53.800869
 -1.543423 53.800961
 -1.543353 53.800961
 -1.543350 53.801060
 -1.543411 53.801060
 -1.543343 53.801193
 -1.543295 53.801296
 -1.543272 53.801346
 -1.543014 53.801834
 -1.542664 53.801769
 -1.542576 53.801914
 -1.542434 53.801884
 -1.542164 53.802036
 -1.542334 53.802139
 -1.542443 53.802158
 -1.542439 53.802174
 -1.543966 53.802483
 -1.544855 53.802723
 -1.545645 53.802555
 -1.545267 53.801868
 -1.544732 53.800976
 -1.544579 53.800964
 -1.544589 53.800907
 -1.544008 53.800884
 -1.544013 53.800858
 -1.544622 53.802898
 -1.544545 53.803020
 -1.544491 53.803009
 -1.544465 53.803047
 -1.544562 53.803070
 -1.544462 53.803211
 -1.544041 53.803402
 -1.543662 53.803310
 -1.543589 53.803215
 -1.543618 53.803165
 -1.543567 53.803154
 -1.543593 53.803116
 -1.543524 53.803101
 -1.543809 53.802700
 -1.543469 53.802719
 -1.543347 53.802917
 -1.542499 53.802738
 -1.542608 53.802555
 -1.543939 53.803459
 -1.543451 53.803726
 -1.543294 53.803768
 -1.543097 53.803875
 -1.542941 53.803989
 -1.542649 53.804199
 -1.542459 53.804340
 -1.541834 53.804050
 -1.541143 53.803482
 -1.541000 53.803246
 -1.540971 53.803226
 -1.540979 53.803207
 -1.540754 53.802837
 -1.540952 53.802711
 -1.540948 53.802780
 -1.540936 53.802837
 -1.540940 53.802933
 -1.540948 53.803062
 -1.540995 53.803169
 -1.540996 53.803169
 -1.541072 53.803013
 -1.541488 53.803089
 -1.541691 53.802803
 -1.543406 53.803154
 -1.543595 53.803379
 -1.562760 53.808693
 -1.562942 53.808754
 -1.564026 53.807346
 -1.563865 53.807297
 -1.552407 53.808926
 -1.552285 53.809029
 -1.552076 53.808941
 -1.552199 53.808838
 -1.557921 53.809341
 -1.558592 53.808094
 -1.558765 53.808128
 -1.558089 53.809372
 -1.556820 53.805546
 -1.556691 53.805546
 -1.556691 53.805321
 -1.556819 53.805321
 -1.552102 53.803749
 -1.551342 53.804138
 -1.550900 53.803787
 -1.550880 53.803745
 -1.550900 53.803688
 -1.550961 53.803658
 -1.551020 53.803650
 -1.551899 53.803638
 -1.557233 53.803761
 -1.557241 53.803921
 -1.556521 53.804348
 -1.556293 53.804344
 -1.556052 53.804214
 -1.556240 53.804096
 -1.556397 53.804173
 -1.556998 53.803799
 -1.556880 53.803703
 -1.557013 53.803623
 -1.556324 53.805401
 -1.556098 53.805397
 -1.556098 53.804825
 -1.556313 53.804821
 -1.554471 53.805080
 -1.554471 53.805008
 -1.554387 53.805008
 -1.554387 53.804939
 -1.554342 53.804939
 -1.554342 53.804836
 -1.554364 53.804836
 -1.554364 53.804787
 -1.554433 53.804787
 -1.554433 53.804768
 -1.554433 53.804752
 -1.554433 53.804714
 -1.554778 53.804714
 -1.554778 53.804646
 -1.554853 53.804646
 -1.554853 53.804714
 -1.554933 53.804714
 -1.554933 53.805080
 -1.554796 53.805080
 -1.554796 53.805008
 -1.554691 53.805008
 -1.554690 53.805080
 -1.554605 53.805080
 -1.553551 53.804035
 -1.554113 53.804039
 -1.554111 53.804420
 -1.553814 53.804420
 -1.553812 53.804482
 -1.553473 53.804478
 -1.553459 53.804455
 -1.553082 53.804455
 -1.553082 53.804417
 -1.552991 53.804413
 -1.552827 53.804405
 -1.552814 53.804356
 -1.552293 53.804363
 -1.552285 53.804115
 -1.553047 53.804115
 -1.553052 53.804035
 -1.557303 53.810513
 -1.558007 53.810181
 -1.558197 53.810322
 -1.558105 53.810368
 -1.558080 53.810349
 -1.558050 53.810364
 -1.558064 53.810371
 -1.557984 53.810410
 -1.557927 53.810368
 -1.557739 53.810455
 -1.557924 53.810593
 -1.557748 53.810677
 -1.557546 53.810528
 -1.557409 53.810593
 -1.553481 53.802147
 -1.552923 53.802433
 -1.552562 53.802418
 -1.552622 53.801769
 -1.553692 53.802105
 -1.553264 53.801785
 -1.553515 53.801666
 -1.553560 53.801701
 -1.553700 53.801807
 -1.553825 53.801899
 -1.553942 53.801987
 -1.554771 53.803520
 -1.554147 53.803520
 -1.554144 53.803177
 -1.554768 53.803173
 -1.553938 53.803528
 -1.552960 53.803528
 -1.552956 53.802998
 -1.553935 53.802998
 -1.552422 53.803535
 -1.551761 53.803547
 -1.552414 53.802952
 -1.551770 53.802540
 -1.552065 53.802532
 -1.552237 53.802532
 -1.553682 53.802521
 -1.553689 53.802902
 -1.551813 53.802177
 -1.551770 53.802494
 -1.550435 53.802437
 -1.550233 53.802422
 -1.549309 53.802338
 -1.549185 53.801849
 -1.549179 53.801773
 -1.549210 53.801380
 -1.549590 53.801388
 -1.551901 53.801388
 -1.552319 53.801483
 -1.552276 53.802189
 -1.551888 53.802177
 -1.550441 53.802670
 -1.550394 53.803135
 -1.550514 53.803101
 -1.550527 53.802879
 -1.550720 53.802883
 -1.550693 53.803120
 -1.550578 53.803146
 -1.550563 53.803196
 -1.550561 53.803230
 -1.550512 53.803406
 -1.550295 53.803249
 -1.549936 53.802994
 -1.549962 53.802662
 -1.549573 53.802643
 -1.549459 53.802498
 -1.550425 53.802570
 -1.550698 53.802570
 -1.550813 53.802525
 -1.551043 53.802746
 -1.551287 53.802628
 -1.551616 53.802628
 -1.551624 53.802719
 -1.551281 53.802715
 -1.551082 53.802814
 -1.550947 53.803207
 -1.550830 53.803192
 -1.550955 53.802807
 -1.550771 53.802677
 -1.550963 53.803345
 -1.550817 53.803516
 -1.550570 53.803452
 -1.550714 53.803280
 -1.547041 53.804333
 -1.546874 53.804337
 -1.546447 53.804356
 -1.546645 53.805408
 -1.547082 53.805397
 -1.556444 53.810326
 -1.556225 53.810436
 -1.556382 53.810535
 -1.556906 53.810284
 -1.557482 53.809990
 -1.557710 53.809868
 -1.557404 53.809654
 -1.557336 53.809612
 -1.557007 53.809563
 -1.556755 53.809528
 -1.556455 53.809669
 -1.556819 53.809921
 -1.556962 53.810020
 -1.556578 53.810234
 -1.548562 53.802750
 -1.548592 53.802723
 -1.548462 53.802673
 -1.548707 53.802464
 -1.548684 53.802376
 -1.548265 53.802338
 -1.548100 53.802502
 -1.548017 53.802467
 -1.547968 53.802505
 -1.547826 53.802460
 -1.548215 53.802044
 -1.548259 53.802040
 -1.548298 53.801891
 -1.548371 53.801899
 -1.548377 53.801876
 -1.548541 53.801891
 -1.548552 53.801861
 -1.548752 53.801880
 -1.548748 53.801910
 -1.548873 53.801918
 -1.548867 53.801945
 -1.548957 53.801952
 -1.548909 53.802132
 -1.548990 53.802361
 -1.549023 53.802505
 -1.548657 53.802792
 -1.548492 53.804379
 -1.548455 53.804359
 -1.548363 53.804310
 -1.548318 53.804256
 -1.548326 53.804234
 -1.548235 53.804192
 -1.548275 53.804153
 -1.547752 53.803913
 -1.548258 53.803509
 -1.548766 53.803738
 -1.548666 53.803837
 -1.548740 53.803871
 -1.548940 53.803707
 -1.548452 53.803497
 -1.548618 53.803352
 -1.550140 53.804035
 -1.549980 53.804165
 -1.549800 53.804089
 -1.549709 53.804153
 -1.549980 53.804276
 -1.549623 53.804546
 -1.548889 53.804211
 -1.549206 53.803921
 -1.549117 53.803871
 -1.554473 53.806370
 -1.554691 53.806370
 -1.554692 53.806427
 -1.554817 53.806427
 -1.554816 53.806366
 -1.555046 53.806362
 -1.555040 53.805786
 -1.554467 53.805790
 -1.546688 53.801819
 -1.546549 53.801422
 -1.546060 53.801498
 -1.546146 53.801655
 -1.546344 53.801632
 -1.546365 53.801697
 -1.546184 53.801731
 -1.546319 53.801971
 -1.546667 53.801903
 -1.546634 53.801834
 -1.547262 53.801746
 -1.547090 53.801338
 -1.553552 53.801624
 -1.552916 53.801666
 -1.552877 53.801460
 -1.553514 53.801418
 -1.556505 53.802406
 -1.556429 53.802326
 -1.556751 53.802197
 -1.556869 53.802273
 -1.558790 53.801918
 -1.558629 53.801937
 -1.558618 53.801819
 -1.558768 53.801800
 -1.546113 53.802567
 -1.546350 53.802525
 -1.546758 53.802105
 -1.546716 53.802013
 -1.545885 53.802193
 -1.546164 53.802010
 -1.545739 53.802109
 -1.545668 53.802002
 -1.545750 53.801987
 -1.545632 53.801800
 -1.545610 53.801807
 -1.545511 53.801655
 -1.545889 53.801567
 -1.546881 53.808121
 -1.547117 53.807983
 -1.546677 53.807716
 -1.546430 53.807831
 -1.547468 53.807243
 -1.547111 53.807064
 -1.547052 53.807106
 -1.546913 53.807037
 -1.547040 53.806950
 -1.547095 53.806976
 -1.547332 53.806812
 -1.547771 53.807034
 -1.564219 53.804878
 -1.563575 53.805138
 -1.564326 53.805840
 -1.564744 53.805336
 -1.556693 53.805157
 -1.556701 53.805027
 -1.557311 53.805229
 -1.557317 53.805714
 -1.557049 53.805809
 -1.557049 53.805660
 -1.557095 53.805645
 -1.557086 53.805286
 -1.557708 53.805363
 -1.558107 53.805496
 -1.557761 53.805984
 -1.557314 53.805878
 -1.557517 53.805798
 -1.557649 53.805832
 -1.557864 53.805550
 -1.557710 53.805492
 -1.554188 53.805763
 -1.553996 53.805763
 -1.551880 53.805550
 -1.551892 53.806046
 -1.551988 53.806057
 -1.551988 53.806316
 -1.551655 53.806316
 -1.551655 53.806267
 -1.551237 53.806274
 -1.551237 53.805988
 -1.551430 53.805988
 -1.551430 53.805912
 -1.551108 53.805904
 -1.551119 53.806267
 -1.550915 53.806259
 -1.552782 53.806332
 -1.552793 53.806229
 -1.552374 53.806198
 -1.552390 53.806110
 -1.552299 53.806107
 -1.552288 53.806190
 -1.552128 53.806179
 -1.552106 53.806286
 -1.553801 53.806103
 -1.553822 53.805744
 -1.553404 53.805729
 -1.553380 53.806087
 -1.555824 53.807293
 -1.555869 53.807137
 -1.555589 53.807110
 -1.555545 53.807266
 -1.553139 53.806545
 -1.553082 53.806664
 -1.553919 53.806782
 -1.554015 53.806763
 -1.554005 53.806515
 -1.553790 53.806507
 -1.553672 53.806549
 -1.553468 53.806572
 -1.553286 53.806561
 -1.554118 53.806534
 -1.554456 53.806534
 -1.554456 53.806889
 -1.554107 53.806889
 -1.555971 53.805794
 -1.555256 53.805805
 -1.555248 53.805664
 -1.555963 53.805649
 -1.560850 53.803242
 -1.560694 53.803356
 -1.560371 53.803219
 -1.560449 53.803108
 -1.560557 53.803131
 -1.560678 53.803051
 -1.560873 53.803112
 -1.560771 53.803200
 -1.560850 53.803288
 -1.560721 53.803371
 -1.560914 53.803478
 -1.561043 53.803391
 -1.563210 53.807259
 -1.563017 53.807533
 -1.562534 53.807400
 -1.562642 53.807228
 -1.562792 53.807274
 -1.562867 53.807171
 -1.552718 53.805946
 -1.552760 53.805614
 -1.552589 53.805599
 -1.552535 53.805935
 -1.552106 53.807178
 -1.552481 53.806938
 -1.552299 53.806843
 -1.551924 53.807095
 -1.552202 53.806728
 -1.552288 53.806633
 -1.552696 53.806747
 -1.552610 53.806866
 -1.551430 53.806816
 -1.551612 53.806602
 -1.550872 53.806385
 -1.550754 53.806511
 -1.550979 53.806587
 -1.550926 53.806644
 -1.551773 53.807152
 -1.551857 53.807117
 -1.551878 53.807053
 -1.551816 53.807014
 -1.551677 53.807091
 -1.551642 53.807049
 -1.551776 53.806980
 -1.551709 53.806934
 -1.551572 53.807003
 -1.552974 53.804695
 -1.553012 53.804600
 -1.552734 53.804562
 -1.552696 53.804657
 -1.553310 53.804722
 -1.553583 53.804771
 -1.553586 53.804905
 -1.553145 53.804901
 -1.553039 53.805050
 -1.553809 53.805050
 -1.553813 53.804714
 -1.553351 53.804642
 -1.550625 53.806175
 -1.550625 53.806080
 -1.550464 53.806080
 -1.550057 53.805874
 -1.549896 53.805904
 -1.550421 53.806164
 -1.553256 53.806992
 -1.553200 53.806923
 -1.553273 53.806889
 -1.553498 53.806892
 -1.553592 53.806923
 -1.553525 53.806988
 -1.553965 53.806988
 -1.553962 53.807133
 -1.552943 53.807129
 -1.552927 53.807510
 -1.552892 53.807514
 -1.552738 53.807510
 -1.552766 53.807102
 -1.552832 53.807102
 -1.552834 53.806992
 -1.553329 53.806488
 -1.553384 53.806129
 -1.553591 53.806141
 -1.553587 53.806187
 -1.553667 53.806190
 -1.553662 53.806267
 -1.553747 53.806267
 -1.553742 53.806370
 -1.553640 53.806366
 -1.553640 53.806328
 -1.553479 53.806320
 -1.553455 53.806492
 -1.553785 53.808857
 -1.553973 53.808861
 -1.553967 53.808960
 -1.554069 53.808956
 -1.554075 53.809116
 -1.553989 53.809120
 -1.553984 53.809231
 -1.553780 53.809227
 -1.554284 53.808979
 -1.554413 53.808926
 -1.554220 53.808735
 -1.554075 53.808784
 -1.554434 53.808838
 -1.554520 53.808800
 -1.554445 53.808743
 -1.554359 53.808773
 -1.554417 53.807423
 -1.552972 53.807377
 -1.552967 53.807487
 -1.553147 53.807487
 -1.553146 53.807526
 -1.553759 53.807533
 -1.553752 53.807671
 -1.554070 53.807674
 -1.554070 53.807495
 -1.554400 53.807514
 -1.552975 53.807804
 -1.553050 53.807728
 -1.553157 53.807678
 -1.553308 53.807648
 -1.553501 53.807659
 -1.553629 53.807716
 -1.553672 53.807774
 -1.554048 53.807774
 -1.554056 53.807693
 -1.554144 53.807701
 -1.554144 53.807766
 -1.554220 53.807766
 -1.554220 53.807816
 -1.554509 53.807812
 -1.554499 53.807945
 -1.554337 53.807949
 -1.554348 53.808216
 -1.554123 53.808208
 -1.554118 53.808060
 -1.553769 53.808044
 -1.553780 53.807983
 -1.553694 53.807983
 -1.553629 53.808044
 -1.553479 53.808098
 -1.553265 53.808102
 -1.553125 53.808064
 -1.553050 53.808006
 -1.552964 53.807919
 -1.552495 53.807510
 -1.552490 53.807728
 -1.552440 53.807728
 -1.552432 53.808056
 -1.552516 53.808056
 -1.552512 53.808224
 -1.552782 53.808228
 -1.552875 53.808228
 -1.553831 53.808243
 -1.553415 53.808235
 -1.553417 53.808208
 -1.553519 53.808208
 -1.553522 53.808182
 -1.553321 53.808182
 -1.553318 53.808231
 -1.552779 53.808338
 -1.552696 53.808338
 -1.552707 53.808609
 -1.552790 53.808609
 -1.552790 53.808716
 -1.553125 53.808723
 -1.553168 53.808762
 -1.553232 53.808784
 -1.553340 53.808784
 -1.553417 53.808769
 -1.553455 53.808727
 -1.553839 53.808735
 -1.553841 53.808681
 -1.554574 53.808685
 -1.554595 53.808388
 -1.553997 53.808384
 -1.554005 53.808060
 -1.553833 53.808048
 -1.556503 53.807693
 -1.556604 53.807423
 -1.556754 53.807446
 -1.556610 53.807838
 -1.556354 53.807808
 -1.556379 53.807678
 -1.556423 53.807560
 -1.556305 53.807915
 -1.555098 53.807755
 -1.555193 53.807430
 -1.554738 53.808384
 -1.554950 53.807739
 -1.555065 53.807755
 -1.555089 53.807678
 -1.554729 53.807640
 -1.554702 53.807716
 -1.554737 53.807720
 -1.554605 53.808125
 -1.554528 53.808113
 -1.554450 53.808350
 -1.554653 53.807686
 -1.554694 53.807434
 -1.554435 53.807419
 -1.554394 53.807667
 -1.557393 53.806545
 -1.557556 53.806320
 -1.557376 53.806278
 -1.557234 53.806496
 -1.557198 53.806274
 -1.556938 53.806030
 -1.556645 53.806141
 -1.556734 53.806225
 -1.556838 53.806187
 -1.557009 53.806343
 -1.555786 53.806511
 -1.555843 53.806236
 -1.555653 53.806221
 -1.555657 53.806206
 -1.555424 53.806179
 -1.555373 53.806335
 -1.555331 53.806465
 -1.555907 53.807377
 -1.556008 53.807137
 -1.556647 53.807224
 -1.556542 53.807480
 -1.557914 53.806252
 -1.558048 53.806068
 -1.558374 53.806152
 -1.558239 53.806335
 -1.558452 53.806396
 -1.558597 53.806229
 -1.558479 53.806194
 -1.558342 53.806362
 -1.552312 53.804886
 -1.552406 53.804581
 -1.552140 53.804554
 -1.552046 53.804855
 -1.551774 53.804630
 -1.551836 53.804447
 -1.551586 53.804420
 -1.551524 53.804604
 -1.557246 53.807915
 -1.557178 53.808022
 -1.557586 53.808090
 -1.557635 53.807987
 -1.558923 53.807705
 -1.558866 53.807808
 -1.558547 53.807747
 -1.558604 53.807644
 -1.558563 53.807632
 -1.558498 53.807739
 -1.558301 53.807701
 -1.558366 53.807590
 -1.558229 53.807583
 -1.558171 53.807663
 -1.557963 53.807613
 -1.558021 53.807529
 -1.557979 53.807495
 -1.557895 53.807613
 -1.557497 53.807526
 -1.557457 53.807606
 -1.556842 53.807499
 -1.556803 53.807365
 -1.556851 53.807240
 -1.557029 53.807289
 -1.556989 53.807369
 -1.557330 53.807430
 -1.557363 53.807365
 -1.557851 53.807961
 -1.557910 53.807842
 -1.557201 53.807728
 -1.557145 53.807858
 -1.557987 53.808018
 -1.558035 53.807915
 -1.558523 53.807983
 -1.558480 53.808090
 -1.557114 53.808014
 -1.557164 53.807926
 -1.556871 53.807880
 -1.556914 53.807762
 -1.556669 53.807716
 -1.556618 53.807850
 -1.556348 53.807816
 -1.556308 53.807915
 -1.557681 53.807980
 -1.557657 53.808044
 -1.557756 53.808060
 -1.557786 53.807999
 -1.559881 53.806973
 -1.559879 53.806976
 -1.559970 53.806839
 -1.560123 53.806873
 -1.560172 53.806801
 -1.560028 53.806767
 -1.560129 53.806614
 -1.559940 53.806568
 -1.559699 53.806934
 -1.559698 53.806934
 -1.554880 53.807201
 -1.554556 53.807190
 -1.554567 53.807076
 -1.554891 53.807083
 -1.559845 53.805603
 -1.559733 53.805721
 -1.560317 53.805912
 -1.560429 53.805794
 -1.556859 53.803185
 -1.557238 53.803032
 -1.557167 53.802864
 -1.557431 53.802803
 -1.557374 53.802700
 -1.556789 53.802818
 -1.556855 53.802952
 -1.556974 53.802925
 -1.557026 53.802998
 -1.556776 53.803108
 -1.559379 53.804977
 -1.559627 53.804745
 -1.559479 53.804691
 -1.559300 53.804859
 -1.558955 53.804729
 -1.559143 53.804554
 -1.558989 53.804497
 -1.558733 53.804737
 -1.553053 53.803761
 -1.553552 53.803761
 -1.556365 53.801861
 -1.556191 53.801891
 -1.556259 53.802025
 -1.556370 53.802006
 -1.556324 53.801914
 -1.556386 53.801903
 -1.547789 53.803150
 -1.547901 53.803200
 -1.547992 53.803226
 -1.548063 53.803234
 -1.548119 53.803223
 -1.548173 53.803192
 -1.548224 53.803150
 -1.548493 53.802937
 -1.548346 53.802868
 -1.548296 53.802906
 -1.548247 53.802887
 -1.548198 53.802929
 -1.548155 53.802910
 -1.548188 53.802883
 -1.548192 53.802845
 -1.548169 53.802807
 -1.548121 53.802773
 -1.548066 53.802757
 -1.548020 53.802746
 -1.547971 53.802746
 -1.547913 53.802757
 -1.547869 53.802788
 -1.547806 53.802761
 -1.547845 53.802731
 -1.547796 53.802715
 -1.547833 53.802685
 -1.547672 53.802616
 -1.547409 53.802879
 -1.547382 53.802925
 -1.547384 53.802967
 -1.547429 53.803005
 -1.547505 53.803040
 -1.547608 53.803078
 -1.547861 53.804535
 -1.547504 53.804550
 -1.547497 53.804508
 -1.547495 53.804504
 -1.547468 53.804504
 -1.547458 53.804485
 -1.547457 53.804466
 -1.547846 53.804447
 -1.547871 53.804459
 -1.547882 53.804470
 -1.547871 53.804482
 -1.547842 53.804489
 -1.549019 53.807205
 -1.548783 53.807316
 -1.549185 53.807537
 -1.549421 53.807434
 -1.551744 53.808842
 -1.551111 53.809299
 -1.551030 53.809269
 -1.550960 53.809307
 -1.550879 53.809280
 -1.550445 53.809052
 -1.550424 53.809025
 -1.550456 53.808987
 -1.550494 53.808964
 -1.550413 53.808918
 -1.550730 53.808655
 -1.550847 53.808598
 -1.550671 53.808491
 -1.550928 53.808319
 -1.551256 53.808498
 -1.551202 53.808548
 -1.551610 53.808750
 -1.551685 53.808746
 -1.551776 53.808769
 -1.548620 53.805962
 -1.548447 53.805862
 -1.548831 53.805656
 -1.549220 53.805889
 -1.548783 53.806194
 -1.549083 53.806362
 -1.548944 53.806454
 -1.548921 53.806469
 -1.548677 53.806320
 -1.548649 53.806522
 -1.548331 53.806347
 -1.548294 53.806370
 -1.548085 53.806114
 -1.547972 53.805973
 -1.547829 53.805717
 -1.548119 53.805695
 -1.548210 53.805882
 -1.548239 53.805931
 -1.548457 53.806179
 -1.548895 53.805904
 -1.548825 53.805874
 -1.548799 53.805622
 -1.548568 53.805450
 -1.548177 53.805653
 -1.548402 53.805820
 -1.560870 53.807781
 -1.560859 53.807762
 -1.560833 53.807747
 -1.560792 53.807732
 -1.560739 53.807720
 -1.560680 53.807728
 -1.560629 53.807743
 -1.560602 53.807766
 -1.560586 53.807789
 -1.560156 53.807720
 -1.560095 53.807709
 -1.559947 53.807667
 -1.559797 53.807861
 -1.559915 53.807888
 -1.560049 53.807732
 -1.560296 53.807796
 -1.560285 53.807823
 -1.560256 53.807819
 -1.560189 53.807907
 -1.560588 53.808022
 -1.560567 53.808060
 -1.560680 53.808086
 -1.560704 53.808064
 -1.560921 53.808117
 -1.560975 53.808033
 -1.561353 53.808136
 -1.561468 53.808174
 -1.561369 53.808308
 -1.561809 53.808418
 -1.562015 53.808121
 -1.562029 53.808109
 -1.560908 53.807800
 -1.562815 53.808022
 -1.562565 53.807953
 -1.562710 53.807751
 -1.562968 53.807831
 -1.562053 53.807335
 -1.562168 53.807190
 -1.561487 53.807007
 -1.561377 53.807152
 -1.562329 53.808594
 -1.561897 53.808479
 -1.562080 53.808247
 -1.562297 53.807972
 -1.562726 53.808094
 -1.555090 53.806870
 -1.555095 53.806812
 -1.554889 53.806805
 -1.554889 53.806866
 -1.560731 53.807598
 -1.560489 53.807732
 -1.560135 53.807312
 -1.560202 53.807194
 -1.560417 53.807228
 -1.561047 53.807259
 -1.560929 53.807232
 -1.560916 53.807247
 -1.560897 53.807255
 -1.560822 53.807240
 -1.560816 53.807228
 -1.560830 53.807213
 -1.560811 53.807205
 -1.560827 53.807178
 -1.560723 53.807152
 -1.560688 53.807194
 -1.560449 53.807133
 -1.560460 53.807114
 -1.560436 53.807110
 -1.560723 53.806702
 -1.560875 53.806736
 -1.560859 53.806763
 -1.560940 53.806782
 -1.560929 53.806801
 -1.560956 53.806812
 -1.560835 53.806984
 -1.560948 53.807014
 -1.560972 53.806988
 -1.561203 53.807041
 -1.558841 53.806141
 -1.558969 53.806007
 -1.558386 53.805813
 -1.558259 53.805946
 -1.555209 53.802689
 -1.555225 53.802067
 -1.555220 53.801899
 -1.554142 53.801903
 -1.554136 53.802181
 -1.553680 53.802189
 -1.554976 53.802879
 -1.555203 53.802879
 -1.552817 53.809353
 -1.552774 53.809258
 -1.552688 53.809189
 -1.552596 53.809143
 -1.552426 53.809086
 -1.552302 53.809059
 -1.552153 53.809055
 -1.551999 53.809074
 -1.551873 53.809109
 -1.551759 53.809151
 -1.551662 53.809223
 -1.551594 53.809307
 -1.551773 53.809341
 -1.551832 53.809254
 -1.551902 53.809212
 -1.552024 53.809189
 -1.552191 53.809170
 -1.552345 53.809189
 -1.552453 53.809223
 -1.552558 53.809277
 -1.552634 53.809380
 -1.548193 53.807407
 -1.548058 53.807362
 -1.548261 53.807152
 -1.548396 53.807198
 -1.550150 53.807865
 -1.549998 53.807961
 -1.549592 53.807724
 -1.549753 53.807625
 -1.547860 53.806992
 -1.547691 53.806892
 -1.547898 53.806767
 -1.547805 53.806713
 -1.547925 53.806641
 -1.548186 53.806793
 -1.561797 53.804352
 -1.561808 53.804295
 -1.561571 53.804287
 -1.561561 53.804348
 -1.562181 53.804699
 -1.562182 53.804638
 -1.562190 53.804260
 -1.562330 53.804260
 -1.562320 53.804699
 -1.562150 53.804272
 -1.562151 53.804184
 -1.561798 53.804184
 -1.561797 53.804272
 -1.561921 53.804710
 -1.562180 53.804714
 -1.561922 53.804634
 -1.561791 53.804836
 -1.561797 53.804592
 -1.561923 53.804592
 -1.561918 53.804836
 -1.561325 53.804569
 -1.561330 53.804367
 -1.561571 53.804371
 -1.561566 53.804630
 -1.561614 53.804630
 -1.561614 53.804779
 -1.561384 53.804779
 -1.561384 53.804634
 -1.561352 53.804638
 -1.554947 53.804142
 -1.554715 53.804142
 -1.554715 53.804646
 -1.555569 53.804626
 -1.555570 53.804749
 -1.556276 53.804749
 -1.556275 53.804626
 -1.556612 53.809368
 -1.556593 53.809410
 -1.556384 53.809380
 -1.556402 53.809338
 -1.556386 53.809322
 -1.556406 53.809277
 -1.556478 53.809288
 -1.556458 53.809334
 -1.556591 53.809357
 -1.556611 53.809311
 -1.556683 53.809322
 -1.556663 53.809368
 -1.554048 53.801907
 -1.554211 53.801628
 -1.553946 53.801559
 -1.553868 53.801819
 -1.554034 53.801937
 -1.556852 53.810890
 -1.556617 53.810719
 -1.556693 53.810680
 -1.556705 53.810692
 -1.556858 53.810616
 -1.557082 53.810783
 -1.547450 53.802479
 -1.547205 53.802395
 -1.546943 53.802303
 -1.547179 53.802067
 -1.547686 53.802246
 -1.557363 53.806679
 -1.557099 53.806614
 -1.557055 53.806675
 -1.556876 53.806633
 -1.556834 53.806709
 -1.557266 53.806816
 -1.557079 53.807102
 -1.556544 53.806969
 -1.556568 53.806881
 -1.556643 53.806892
 -1.556727 53.806694
 -1.555306 53.806789
 -1.555403 53.806797
 -1.555397 53.806820
 -1.555634 53.806843
 -1.555638 53.806824
 -1.555943 53.806850
 -1.555937 53.806873
 -1.556182 53.806892
 -1.556200 53.806824
 -1.556223 53.806728
 -1.556240 53.806660
 -1.556299 53.806664
 -1.556332 53.806530
 -1.556363 53.806534
 -1.556399 53.806389
 -1.556116 53.806366
 -1.556132 53.806301
 -1.556284 53.806316
 -1.556296 53.806267
 -1.555964 53.806236
 -1.555947 53.806301
 -1.555917 53.806301
 -1.555874 53.806473
 -1.555851 53.806473
 -1.555831 53.806557
 -1.555408 53.806519
 -1.555395 53.806572
 -1.555492 53.806580
 -1.555480 53.806629
 -1.555467 53.806625
 -1.555464 53.806641
 -1.555345 53.806629
 -1.556178 53.806911
 -1.556334 53.806835
 -1.556368 53.806744
 -1.556451 53.806549
 -1.556527 53.806362
 -1.556566 53.806370
 -1.556575 53.806351
 -1.556601 53.806332
 -1.556647 53.806320
 -1.556701 53.806316
 -1.556735 53.806335
 -1.556768 53.806370
 -1.556773 53.806400
 -1.556813 53.806412
 -1.556762 53.806534
 -1.556821 53.806541
 -1.556808 53.806568
 -1.556899 53.806587
 -1.549407 53.805649
 -1.549349 53.805588
 -1.549486 53.805542
 -1.549546 53.805595
 -1.549616 53.805840
 -1.549505 53.805740
 -1.549644 53.805687
 -1.549745 53.805794
 -1.549573 53.805351
 -1.549428 53.805256
 -1.549224 53.805454
 -1.549228 53.805485
 -1.549283 53.805534
 -1.549426 53.805485
 -1.549506 53.805489
 -1.549656 53.805435
 -1.549707 53.805485
 -1.549565 53.805534
 -1.549372 53.805431
 -1.553056 53.810722
 -1.552864 53.810673
 -1.553052 53.810413
 -1.553020 53.810410
 -1.553043 53.810375
 -1.553081 53.810383
 -1.553090 53.810371
 -1.553276 53.810421
 -1.549282 53.805923
 -1.549480 53.806030
 -1.549234 53.806187
 -1.549035 53.806080
 -1.543696 53.807289
 -1.543767 53.807121
 -1.543999 53.807156
 -1.543929 53.807323
 -1.554945 53.803909
 -1.554945 53.803856
 -1.554822 53.803856
 -1.554822 53.803898
 -1.554565 53.803898
 -1.554564 53.803795
 -1.554331 53.803795
 -1.554332 53.804050
 -1.554714 53.804050
 -1.555158 53.810650
 -1.555185 53.810608
 -1.554874 53.810535
 -1.554986 53.810410
 -1.555125 53.810448
 -1.555096 53.810497
 -1.555390 53.810570
 -1.555295 53.810688
 -1.556371 53.802994
 -1.554981 53.802998
 -1.554842 53.802998
 -1.554844 53.803513
 -1.554969 53.803509
 -1.554970 53.803719
 -1.555241 53.803719
 -1.555241 53.803513
 -1.555332 53.803513
 -1.555333 53.803909
 -1.555568 53.804070
 -1.555566 53.803509
 -1.556372 53.803509
 -1.551872 53.802448
 -1.552060 53.802441
 -1.555530 53.802685
 -1.555536 53.802063
 -1.555059 53.804142
 -1.555254 53.804070
 -1.556543 53.810204
 -1.556727 53.810101
 -1.556163 53.809696
 -1.556458 53.809563
 -1.556282 53.809418
 -1.556016 53.809540
 -1.555476 53.809246
 -1.555385 53.809219
 -1.555158 53.809326
 -1.554956 53.809235
 -1.554756 53.809330
 -1.554678 53.809296
 -1.554781 53.809254
 -1.554656 53.809181
 -1.554585 53.809193
 -1.554475 53.809147
 -1.554028 53.809368
 -1.554194 53.809483
 -1.554252 53.809513
 -1.554410 53.809441
 -1.554512 53.809387
 -1.554586 53.809433
 -1.554461 53.809505
 -1.554614 53.809612
 -1.554592 53.809635
 -1.554691 53.809708
 -1.554843 53.809620
 -1.555324 53.809837
 -1.555552 53.809967
 -1.555801 53.810081
 -1.556231 53.810303
 -1.556287 53.810318
 -1.556376 53.810268
 -1.556388 53.810310
 -1.546545 53.803528
 -1.546391 53.803623
 -1.546244 53.803539
 -1.545937 53.803734
 -1.545795 53.803646
 -1.546288 53.803337
 -1.546442 53.803421
 -1.546407 53.803444
 -1.546811 53.802757
 -1.546567 53.802666
 -1.546975 53.802628
 -1.546935 53.802647
 -1.545516 53.803120
 -1.545484 53.803101
 -1.545532 53.803078
 -1.545572 53.803074
 -1.545602 53.803085
 -1.545663 53.803040
 -1.545575 53.803020
 -1.545470 53.803028
 -1.545395 53.803059
 -1.545301 53.803112
 -1.545894 53.803444
 -1.546004 53.803375
 -1.545846 53.803288
 -1.545889 53.803265
 -1.545838 53.803226
 -1.545789 53.803253
 -1.545540 53.803108
 -1.547820 53.802116
 -1.547801 53.802113
 -1.547779 53.802132
 -1.547664 53.802094
 -1.547686 53.802074
 -1.547648 53.802059
 -1.547820 53.801880
 -1.547640 53.801819
 -1.547557 53.801914
 -1.547634 53.801937
 -1.547527 53.802044
 -1.547286 53.801960
 -1.547388 53.801868
 -1.547466 53.801762
 -1.547514 53.801769
 -1.547597 53.801674
 -1.548082 53.801842
 -1.547978 53.801945
 -1.557216 53.809704
 -1.557199 53.809727
 -1.557181 53.809715
 -1.548724 53.810886
 -1.548639 53.810871
 -1.548644 53.810841
 -1.548646 53.810825
 -1.548654 53.810806
 -1.548757 53.810822
 -1.548797 53.810829
 -1.548705 53.810684
 -1.548748 53.810593
 -1.548786 53.810596
 -1.548898 53.810619
 -1.548311 53.810776
 -1.548313 53.810795
 -1.548290 53.810856
 -1.548278 53.810879
 -1.548548 53.810894
 -1.548628 53.810902
 -1.549161 53.810131
 -1.549014 53.810108
 -1.548984 53.810177
 -1.548791 53.810146
 -1.548788 53.810158
 -1.548744 53.810154
 -1.548713 53.810226
 -1.548948 53.810261
 -1.548888 53.810406
 -1.549024 53.810425
 -1.548204 53.810604
 -1.548174 53.810600
 -1.548183 53.810577
 -1.548072 53.810570
 -1.548045 53.810711
 -1.548096 53.810715
 -1.548075 53.810772
 -1.547948 53.810760
 -1.547948 53.810768
 -1.547931 53.810814
 -1.547923 53.810848
 -1.548131 53.810780
 -1.548156 53.810726
 -1.548162 53.810699
 -1.548178 53.810703
 -1.547874 53.810589
 -1.547840 53.810589
 -1.547839 53.810574
 -1.547726 53.810566
 -1.547691 53.810692
 -1.547739 53.810692
 -1.547729 53.810753
 -1.547579 53.810738
 -1.547570 53.810760
 -1.547561 53.810783
 -1.547540 53.810844
 -1.547578 53.810844
 -1.547581 53.810833
 -1.547919 53.810860
 -1.547780 53.810757
 -1.547801 53.810680
 -1.547855 53.810684
 -1.548928 53.810623
 -1.548815 53.810539
 -1.548625 53.810509
 -1.548662 53.810425
 -1.548830 53.810448
 -1.548823 53.810467
 -1.548855 53.810471
 -1.548069 53.809875
 -1.547922 53.809864
 -1.547965 53.809654
 -1.548013 53.809658
 -1.548120 53.809666
 -1.547838 53.810329
 -1.547775 53.810326
 -1.547676 53.810318
 -1.547717 53.810112
 -1.547788 53.810116
 -1.547878 53.810123
 -1.547865 53.810184
 -1.548074 53.810200
 -1.548053 53.810291
 -1.547852 53.810276
 -1.547836 53.809902
 -1.547938 53.810127
 -1.547954 53.810066
 -1.548144 53.810081
 -1.548166 53.810001
 -1.547971 53.809982
 -1.547983 53.809914
 -1.547737 53.810539
 -1.547577 53.810532
 -1.547621 53.810318
 -1.547762 53.810410
 -1.547837 53.810417
 -1.547819 53.810471
 -1.547748 53.810463
 -1.547348 53.810829
 -1.547375 53.810745
 -1.548174 53.809669
 -1.548067 53.809441
 -1.548228 53.809460
 -1.548214 53.809525
 -1.548417 53.809544
 -1.548396 53.809631
 -1.548222 53.809616
 -1.548228 53.809601
 -1.548193 53.809601
 -1.548161 53.810375
 -1.548193 53.810295
 -1.548343 53.810310
 -1.548313 53.810390
 -1.547128 53.809856
 -1.547023 53.809875
 -1.547012 53.809853
 -1.546980 53.809860
 -1.546972 53.809834
 -1.547007 53.809826
 -1.546991 53.809788
 -1.547103 53.809776
 -1.547611 53.810005
 -1.547570 53.810093
 -1.547535 53.810085
 -1.547527 53.810101
 -1.547420 53.810085
 -1.547427 53.810070
 -1.547391 53.810062
 -1.547439 53.809975
 -1.547392 53.809422
 -1.547342 53.809498
 -1.547106 53.809448
 -1.547149 53.809376
 -1.547368 53.809689
 -1.547329 53.809765
 -1.547479 53.809788
 -1.547517 53.809715
 -1.547297 53.809967
 -1.547195 53.810024
 -1.547138 53.809986
 -1.547117 53.810001
 -1.547082 53.809982
 -1.547105 53.809967
 -1.547085 53.809952
 -1.547191 53.809895
 -1.547121 53.809731
 -1.547165 53.809631
 -1.547045 53.809612
 -1.547026 53.809650
 -1.546993 53.809647
 -1.546983 53.809673
 -1.547017 53.809677
 -1.546999 53.809711
 -1.547897 53.809467
 -1.547871 53.809547
 -1.547609 53.809525
 -1.547628 53.809444
 -1.547761 53.809742
 -1.547715 53.809822
 -1.547545 53.809795
 -1.547587 53.809711
 -1.554963 53.810810
 -1.554877 53.810940
 -1.554641 53.810879
 -1.554732 53.810749
 -1.555557 53.811077
 -1.555665 53.810940
 -1.555370 53.810867
 -1.555403 53.810818
 -1.555252 53.810783
 -1.555150 53.810905
 -1.555424 53.810978
 -1.555392 53.811028
 -1.553537 53.810089
 -1.553557 53.810070
 -1.553584 53.810078
 -1.553630 53.810013
 -1.553597 53.810001
 -1.553632 53.809959
 -1.553477 53.809914
 -1.553452 53.809944
 -1.553410 53.809937
 -1.553351 53.810017
 -1.553287 53.810001
 -1.553252 53.810047
 -1.553284 53.810055
 -1.553268 53.810074
 -1.553480 53.810123
 -1.553509 53.810081
 -1.553101 53.810120
 -1.553098 53.810089
 -1.552779 53.809994
 -1.552616 53.810177
 -1.552647 53.810188
 -1.552608 53.810230
 -1.552823 53.810295
 -1.552857 53.810253
 -1.552975 53.810284
 -1.552876 53.810593
 -1.552849 53.810589
 -1.552865 53.810570
 -1.552715 53.810528
 -1.552704 53.810547
 -1.552616 53.810520
 -1.552549 53.810608
 -1.552809 53.810680
 -1.552788 53.810692
 -1.552677 53.810822
 -1.552638 53.810814
 -1.552653 53.810799
 -1.552669 53.810787
 -1.552254 53.810673
 -1.552340 53.810570
 -1.552367 53.810577
 -1.552453 53.810474
 -1.552593 53.810509
 -1.552507 53.810616
 -1.552390 53.810513
 -1.552142 53.810436
 -1.552005 53.810608
 -1.552257 53.810680
 -1.553002 53.810898
 -1.552774 53.811157
 -1.552490 53.811077
 -1.552723 53.810822
 -1.552425 53.810944
 -1.552374 53.811001
 -1.552449 53.811024
 -1.552396 53.811089
 -1.552329 53.811069
 -1.551763 53.810917
 -1.551819 53.810841
 -1.551878 53.810856
 -1.551927 53.810799
 -1.552122 53.810783
 -1.552178 53.810799
 -1.552192 53.810776
 -1.552578 53.810886
 -1.552208 53.810673
 -1.553285 53.810410
 -1.553110 53.810360
 -1.553200 53.810249
 -1.553377 53.810295
 -1.552616 53.810425
 -1.552702 53.810329
 -1.552624 53.810307
 -1.552538 53.810402
 -1.549009 53.809902
 -1.549147 53.809799
 -1.548799 53.809620
 -1.548659 53.809719
 -1.549255 53.810104
 -1.549110 53.810081
 -1.549204 53.809879
 -1.549290 53.809895
 -1.549284 53.809917
 -1.549351 53.809929
 -1.549325 53.809994
 -1.549303 53.809990
 -1.550886 53.810001
 -1.550813 53.809971
 -1.551052 53.809731
 -1.551216 53.809795
 -1.551170 53.809834
 -1.551087 53.809803
 -1.551500 53.809986
 -1.551177 53.809875
 -1.551250 53.809799
 -1.551580 53.809910
 -1.551181 53.810352
 -1.551256 53.810280
 -1.550985 53.810192
 -1.550915 53.810265
 -1.553214 53.809792
 -1.553058 53.809738
 -1.553490 53.809452
 -1.550835 53.810268
 -1.550757 53.810246
 -1.550988 53.810005
 -1.551151 53.810055
 -1.551111 53.810097
 -1.551025 53.810066
 -1.553619 53.809864
 -1.553501 53.809834
 -1.553597 53.809696
 -1.553642 53.809708
 -1.553664 53.809669
 -1.553838 53.809715
 -1.553763 53.809826
 -1.553630 53.809792
 -1.553616 53.809811
 -1.553653 53.809818
 -1.551570 53.809723
 -1.551763 53.809517
 -1.551591 53.809460
 -1.551387 53.809662
 -1.563374 53.802010
 -1.563446 53.801987
 -1.563460 53.802002
 -1.563556 53.801968
 -1.563575 53.801983
 -1.563682 53.801941
 -1.563712 53.801975
 -1.563899 53.801910
 -1.563827 53.801819
 -1.563658 53.801651
 -1.563481 53.801529
 -1.563156 53.801369
 -1.563138 53.801361
 -1.563025 53.801453
 -1.563049 53.801468
 -1.563027 53.801483
 -1.563078 53.801510
 -1.562926 53.801556
 -1.563025 53.801666
 -1.563062 53.801655
 -1.563084 53.801674
 -1.563197 53.801640
 -1.563240 53.801598
 -1.563391 53.801659
 -1.563366 53.801670
 -1.563419 53.801704
 -1.563444 53.801689
 -1.563558 53.801815
 -1.563538 53.801823
 -1.563524 53.801807
 -1.563449 53.801834
 -1.563465 53.801853
 -1.563301 53.801910
