 -1.553222 53.809196
 -1.552933 53.809032
 -1.552812 53.808956
 -1.552756 53.808914
 -1.552476 53.808804
 -1.552235 53.808720
 -1.551892 53.808586
 -1.551728 53.808525
 -1.551507 53.808441
 -1.551194 53.808319
 -1.550932 53.808182
 -1.550785 53.808086
 -1.550134 53.807701
 -1.549779 53.807507
 -1.549091 53.807106
 -1.548943 53.807110
 -1.548804 53.807133
 -1.548761 53.807144
 -1.548718 53.807205
 -1.548589 53.807327
 -1.548439 53.807396
 -1.548240 53.807560
 -1.548076 53.807682
 -1.547992 53.807739
 -1.547882 53.807793
 -1.547684 53.807896
 -1.547409 53.808033
 -1.547338 53.808071
 -1.547165 53.808167
 -1.546959 53.808319
 -1.546903 53.808353
 -1.546786 53.808342
 -1.546660 53.808334
 -1.546511 53.808334
 -1.546355 53.808365
 -1.546216 53.808460
 -1.546106 53.808491
 -1.546028 53.808483
 -1.545916 53.808468
 -1.545707 53.808479
 -1.545243 53.808487
 -1.545021 53.808510
 -1.544440 53.808147
 -1.544293 53.808243
 -1.544252 53.808300
